{"C:\\Users\\jesjc\\OneDrive\\Documentos\\SaludDeUna\\salud-de-una-backend\\src\\app.controller.ts": {"path":"C:\\Users\\jesjc\\OneDrive\\Documentos\\SaludDeUna\\salud-de-una-backend\\src\\app.controller.ts","statementMap":{"0":{"start":{"line":1,"column":0},"end":{"line":1,"column":49}},"1":{"start":{"line":2,"column":0},"end":{"line":2,"column":62}},"2":{"start":{"line":3,"column":0},"end":{"line":3,"column":43}},"3":{"start":{"line":6,"column":7},"end":{"line":20,"column":null}},"4":{"start":{"line":7,"column":31},"end":{"line":7,"column":43}},"5":{"start":{"line":12,"column":4},"end":{"line":12,"column":39}},"6":{"start":{"line":18,"column":4},"end":{"line":18,"column":42}},"7":{"start":{"line":6,"column":13},"end":{"line":6,"column":26}},"8":{"start":{"line":11,"column":2},"end":{"line":13,"column":null}},"9":{"start":{"line":17,"column":2},"end":{"line":19,"column":null}},"10":{"start":{"line":6,"column":13},"end":{"line":20,"column":null}}},"fnMap":{"0":{"name":"(anonymous_2)","decl":{"start":{"line":7,"column":2},"end":{"line":7,"column":31}},"loc":{"start":{"line":7,"column":53},"end":{"line":7,"column":57}}},"1":{"name":"(anonymous_3)","decl":{"start":{"line":11,"column":2},"end":{"line":11,"column":11}},"loc":{"start":{"line":11,"column":11},"end":{"line":13,"column":3}}},"2":{"name":"(anonymous_4)","decl":{"start":{"line":17,"column":2},"end":{"line":17,"column":14}},"loc":{"start":{"line":17,"column":14},"end":{"line":19,"column":3}}}},"branchMap":{"0":{"loc":{"start":{"line":7,"column":43},"end":{"line":7,"column":56}},"type":"cond-expr","locations":[{"start":{"line":7,"column":53},"end":{"line":7,"column":56}},{"start":{"line":7,"column":53},"end":{"line":7,"column":56}}]},"1":{"loc":{"start":{"line":7,"column":43},"end":{"line":7,"column":53}},"type":"binary-expr","locations":[{"start":{"line":7,"column":43},"end":{"line":7,"column":56}},{"start":{"line":7,"column":43},"end":{"line":7,"column":53}}]}},"s":{"0":4,"1":4,"2":4,"3":4,"4":2,"5":1,"6":1,"7":4,"8":4,"9":4,"10":4},"f":{"0":2,"1":1,"2":1},"b":{"0":[4,0],"1":[4,4]}}
,"C:\\Users\\jesjc\\OneDrive\\Documentos\\SaludDeUna\\salud-de-una-backend\\src\\app.module.ts": {"path":"C:\\Users\\jesjc\\OneDrive\\Documentos\\SaludDeUna\\salud-de-una-backend\\src\\app.module.ts","statementMap":{"0":{"start":{"line":1,"column":0},"end":{"line":1,"column":40}},"1":{"start":{"line":2,"column":0},"end":{"line":2,"column":61}},"2":{"start":{"line":3,"column":0},"end":{"line":3,"column":58}},"3":{"start":{"line":4,"column":0},"end":{"line":4,"column":50}},"4":{"start":{"line":5,"column":0},"end":{"line":5,"column":68}},"5":{"start":{"line":6,"column":0},"end":{"line":6,"column":51}},"6":{"start":{"line":7,"column":0},"end":{"line":7,"column":54}},"7":{"start":{"line":8,"column":0},"end":{"line":8,"column":49}},"8":{"start":{"line":9,"column":0},"end":{"line":9,"column":43}},"9":{"start":{"line":10,"column":0},"end":{"line":10,"column":48}},"10":{"start":{"line":11,"column":0},"end":{"line":11,"column":62}},"11":{"start":{"line":12,"column":0},"end":{"line":12,"column":57}},"12":{"start":{"line":13,"column":0},"end":{"line":13,"column":94}},"13":{"start":{"line":14,"column":0},"end":{"line":14,"column":46}},"14":{"start":{"line":15,"column":0},"end":{"line":15,"column":54}},"15":{"start":{"line":16,"column":0},"end":{"line":16,"column":62}},"16":{"start":{"line":17,"column":0},"end":{"line":17,"column":44}},"17":{"start":{"line":18,"column":0},"end":{"line":18,"column":75}},"18":{"start":{"line":19,"column":0},"end":{"line":19,"column":63}},"19":{"start":{"line":20,"column":0},"end":{"line":20,"column":57}},"20":{"start":{"line":21,"column":0},"end":{"line":21,"column":75}},"21":{"start":{"line":22,"column":0},"end":{"line":22,"column":60}},"22":{"start":{"line":77,"column":7},"end":{"line":77,"column":null}},"23":{"start":{"line":77,"column":13},"end":{"line":77,"column":22}},"24":{"start":{"line":77,"column":13},"end":{"line":77,"column":null}},"25":{"start":{"line":43,"column":53},"end":{"line":45,"column":8}}},"fnMap":{"0":{"name":"(anonymous_2)","decl":{"start":{"line":43,"column":18},"end":{"line":43,"column":19}},"loc":{"start":{"line":43,"column":53},"end":{"line":45,"column":8}}}},"branchMap":{},"s":{"0":3,"1":3,"2":3,"3":3,"4":3,"5":3,"6":3,"7":3,"8":3,"9":3,"10":3,"11":3,"12":3,"13":3,"14":3,"15":3,"16":3,"17":3,"18":3,"19":3,"20":3,"21":3,"22":3,"23":3,"24":3,"25":0},"f":{"0":0},"b":{}}
,"C:\\Users\\jesjc\\OneDrive\\Documentos\\SaludDeUna\\salud-de-una-backend\\src\\app.service.ts": {"path":"C:\\Users\\jesjc\\OneDrive\\Documentos\\SaludDeUna\\salud-de-una-backend\\src\\app.service.ts","statementMap":{"0":{"start":{"line":1,"column":0},"end":{"line":1,"column":44}},"1":{"start":{"line":2,"column":0},"end":{"line":2,"column":52}},"2":{"start":{"line":3,"column":0},"end":{"line":3,"column":38}},"3":{"start":{"line":4,"column":0},"end":{"line":4,"column":75}},"4":{"start":{"line":26,"column":7},"end":{"line":54,"column":null}},"5":{"start":{"line":27,"column":51},"end":{"line":27,"column":65}},"6":{"start":{"line":30,"column":4},"end":{"line":35,"column":6}},"7":{"start":{"line":39,"column":23},"end":{"line":39,"column":59}},"8":{"start":{"line":40,"column":25},"end":{"line":40,"column":41}},"9":{"start":{"line":42,"column":4},"end":{"line":52,"column":6}},"10":{"start":{"line":26,"column":13},"end":{"line":26,"column":23}},"11":{"start":{"line":26,"column":13},"end":{"line":54,"column":null}}},"fnMap":{"0":{"name":"(anonymous_4)","decl":{"start":{"line":27,"column":2},"end":{"line":27,"column":15}},"loc":{"start":{"line":27,"column":75},"end":{"line":27,"column":79}}},"1":{"name":"(anonymous_5)","decl":{"start":{"line":29,"column":2},"end":{"line":29,"column":11}},"loc":{"start":{"line":29,"column":11},"end":{"line":36,"column":3}}},"2":{"name":"(anonymous_6)","decl":{"start":{"line":38,"column":2},"end":{"line":38,"column":14}},"loc":{"start":{"line":38,"column":14},"end":{"line":53,"column":3}}}},"branchMap":{"0":{"loc":{"start":{"line":43,"column":14},"end":{"line":43,"column":50}},"type":"cond-expr","locations":[{"start":{"line":43,"column":29},"end":{"line":43,"column":36}},{"start":{"line":43,"column":39},"end":{"line":43,"column":50}}]},"1":{"loc":{"start":{"line":48,"column":18},"end":{"line":48,"column":46}},"type":"cond-expr","locations":[{"start":{"line":48,"column":33},"end":{"line":48,"column":37}},{"start":{"line":48,"column":40},"end":{"line":48,"column":46}}]},"2":{"loc":{"start":{"line":27,"column":65},"end":{"line":27,"column":78}},"type":"cond-expr","locations":[{"start":{"line":27,"column":75},"end":{"line":27,"column":78}},{"start":{"line":27,"column":75},"end":{"line":27,"column":78}}]},"3":{"loc":{"start":{"line":27,"column":65},"end":{"line":27,"column":75}},"type":"binary-expr","locations":[{"start":{"line":27,"column":65},"end":{"line":27,"column":78}},{"start":{"line":27,"column":65},"end":{"line":27,"column":75}}]}},"s":{"0":5,"1":5,"2":5,"3":5,"4":5,"5":4,"6":1,"7":3,"8":3,"9":3,"10":5,"11":5},"f":{"0":4,"1":1,"2":3},"b":{"0":[1,2],"1":[1,2],"2":[5,0],"3":[5,5]}}
,"C:\\Users\\jesjc\\OneDrive\\Documentos\\SaludDeUna\\salud-de-una-backend\\src\\main.ts": {"path":"C:\\Users\\jesjc\\OneDrive\\Documentos\\SaludDeUna\\salud-de-una-backend\\src\\main.ts","statementMap":{"0":{"start":{"line":11,"column":0},"end":{"line":11,"column":16}},"1":{"start":{"line":19,"column":0},"end":{"line":19,"column":16}},"2":{"start":{"line":28,"column":0},"end":{"line":28,"column":7}},"3":{"start":{"line":71,"column":0},"end":{"line":71,"column":7}},"4":{"start":{"line":1,"column":0},"end":{"line":1,"column":56}},"5":{"start":{"line":2,"column":0},"end":{"line":2,"column":47}},"6":{"start":{"line":3,"column":0},"end":{"line":3,"column":43}},"7":{"start":{"line":4,"column":0},"end":{"line":4,"column":54}},"8":{"start":{"line":7,"column":0},"end":{"line":7,"column":41}},"9":{"start":{"line":8,"column":0},"end":{"line":8,"column":77}},"10":{"start":{"line":9,"column":0},"end":{"line":9,"column":75}},"11":{"start":{"line":12,"column":2},"end":{"line":14,"column":3}},"12":{"start":{"line":13,"column":4},"end":{"line":13,"column":28}},"13":{"start":{"line":16,"column":2},"end":{"line":16,"column":62}},"14":{"start":{"line":23,"column":2},"end":{"line":23,"column":60}},"15":{"start":{"line":26,"column":35},"end":{"line":26,"column":41}},"16":{"start":{"line":32,"column":21},"end":{"line":32,"column":52}},"17":{"start":{"line":34,"column":2},"end":{"line":37,"column":3}},"18":{"start":{"line":35,"column":4},"end":{"line":35,"column":46}},"19":{"start":{"line":36,"column":4},"end":{"line":36,"column":11}},"20":{"start":{"line":39,"column":2},"end":{"line":41,"column":4}},"21":{"start":{"line":43,"column":2},"end":{"line":68,"column":3}},"22":{"start":{"line":45,"column":20},"end":{"line":55,"column":6}},"23":{"start":{"line":46,"column":6},"end":{"line":54,"column":8}},"24":{"start":{"line":48,"column":10},"end":{"line":51,"column":null}},"25":{"start":{"line":56,"column":4},"end":{"line":62,"column":7}},"26":{"start":{"line":58,"column":8},"end":{"line":58,"column":36}},"27":{"start":{"line":59,"column":8},"end":{"line":59,"column":20}},"28":{"start":{"line":63,"column":4},"end":{"line":63,"column":46}},"29":{"start":{"line":65,"column":20},"end":{"line":65,"column":74}},"30":{"start":{"line":66,"column":4},"end":{"line":66,"column":71}},"31":{"start":{"line":67,"column":4},"end":{"line":67,"column":20}},"32":{"start":{"line":72,"column":17},"end":{"line":72,"column":40}},"33":{"start":{"line":73,"column":14},"end":{"line":73,"column":49}},"34":{"start":{"line":74,"column":24},"end":{"line":74,"column":46}},"35":{"start":{"line":75,"column":23},"end":{"line":75,"column":64}},"36":{"start":{"line":76,"column":23},"end":{"line":76,"column":27}},"37":{"start":{"line":77,"column":15},"end":{"line":77,"column":47}},"38":{"start":{"line":78,"column":18},"end":{"line":78,"column":72}},"39":{"start":{"line":79,"column":22},"end":{"line":79,"column":63}},"40":{"start":{"line":81,"column":2},"end":{"line":83,"column":5}},"41":{"start":{"line":82,"column":4},"end":{"line":82,"column":62}},"42":{"start":{"line":85,"column":2},"end":{"line":88,"column":5}},"43":{"start":{"line":86,"column":20},"end":{"line":86,"column":74}},"44":{"start":{"line":87,"column":4},"end":{"line":87,"column":57}},"45":{"start":{"line":90,"column":2},"end":{"line":92,"column":5}},"46":{"start":{"line":91,"column":4},"end":{"line":91,"column":51}},"47":{"start":{"line":94,"column":2},"end":{"line":94,"column":56}},"48":{"start":{"line":96,"column":2},"end":{"line":96,"column":36}},"49":{"start":{"line":97,"column":22},"end":{"line":99,"column":null}},"50":{"start":{"line":102,"column":2},"end":{"line":106,"column":3}},"51":{"start":{"line":103,"column":4},"end":{"line":105,"column":6}},"52":{"start":{"line":108,"column":2},"end":{"line":112,"column":3}},"53":{"start":{"line":109,"column":4},"end":{"line":111,"column":6}},"54":{"start":{"line":114,"column":2},"end":{"line":130,"column":5}},"55":{"start":{"line":119,"column":6},"end":{"line":122,"column":7}},"56":{"start":{"line":120,"column":8},"end":{"line":120,"column":29}},"57":{"start":{"line":121,"column":8},"end":{"line":121,"column":15}},"58":{"start":{"line":124,"column":6},"end":{"line":124,"column":28}},"59":{"start":{"line":132,"column":2},"end":{"line":138,"column":5}},"60":{"start":{"line":133,"column":4},"end":{"line":133,"column":13}},"61":{"start":{"line":134,"column":4},"end":{"line":134,"column":55}},"62":{"start":{"line":135,"column":4},"end":{"line":135,"column":45}},"63":{"start":{"line":136,"column":4},"end":{"line":136,"column":52}},"64":{"start":{"line":137,"column":4},"end":{"line":137,"column":11}},"65":{"start":{"line":140,"column":2},"end":{"line":147,"column":4}},"66":{"start":{"line":148,"column":2},"end":{"line":148,"column":50}},"67":{"start":{"line":149,"column":2},"end":{"line":149,"column":25}},"68":{"start":{"line":151,"column":2},"end":{"line":151,"column":75}},"69":{"start":{"line":152,"column":2},"end":{"line":154,"column":4}},"70":{"start":{"line":155,"column":2},"end":{"line":157,"column":4}},"71":{"start":{"line":158,"column":2},"end":{"line":158,"column":62}},"72":{"start":{"line":159,"column":2},"end":{"line":159,"column":63}},"73":{"start":{"line":161,"column":0},"end":{"line":163,"column":1}},"74":{"start":{"line":162,"column":2},"end":{"line":162,"column":19}}},"fnMap":{"0":{"name":"sanitizeMongoUri","decl":{"start":{"line":11,"column":16},"end":{"line":11,"column":32}},"loc":{"start":{"line":11,"column":45},"end":{"line":17,"column":1}}},"1":{"name":"parseCorsOrigins","decl":{"start":{"line":19,"column":16},"end":{"line":19,"column":32}},"loc":{"start":{"line":21,"column":29},"end":{"line":24,"column":1}}},"2":{"name":"waitForDatabaseConnection","decl":{"start":{"line":28,"column":22},"end":{"line":28,"column":47}},"loc":{"start":{"line":30,"column":16},"end":{"line":69,"column":1}}},"3":{"name":"(anonymous_3)","decl":{"start":{"line":45,"column":39},"end":{"line":45,"column":40}},"loc":{"start":{"line":45,"column":53},"end":{"line":55,"column":5}}},"4":{"name":"(anonymous_4)","decl":{"start":{"line":47,"column":8},"end":{"line":47,"column":11}},"loc":{"start":{"line":48,"column":10},"end":{"line":51,"column":null}}},"5":{"name":"(anonymous_5)","decl":{"start":{"line":57,"column":36},"end":{"line":57,"column":37}},"loc":{"start":{"line":57,"column":45},"end":{"line":60,"column":7}}},"6":{"name":"bootstrap","decl":{"start":{"line":71,"column":22},"end":{"line":71,"column":31}},"loc":{"start":{"line":71,"column":31},"end":{"line":160,"column":1}}},"7":{"name":"(anonymous_7)","decl":{"start":{"line":81,"column":31},"end":{"line":81,"column":34}},"loc":{"start":{"line":81,"column":36},"end":{"line":83,"column":3}}},"8":{"name":"(anonymous_8)","decl":{"start":{"line":85,"column":27},"end":{"line":85,"column":28}},"loc":{"start":{"line":85,"column":46},"end":{"line":88,"column":3}}},"9":{"name":"(anonymous_9)","decl":{"start":{"line":90,"column":34},"end":{"line":90,"column":37}},"loc":{"start":{"line":90,"column":39},"end":{"line":92,"column":3}}},"10":{"name":"(anonymous_10)","decl":{"start":{"line":115,"column":12},"end":{"line":115,"column":null}},"loc":{"start":{"line":118,"column":8},"end":{"line":125,"column":5}}},"11":{"name":"(anonymous_11)","decl":{"start":{"line":132,"column":10},"end":{"line":132,"column":11}},"loc":{"start":{"line":132,"column":62},"end":{"line":138,"column":3}}}},"branchMap":{"0":{"loc":{"start":{"line":12,"column":2},"end":{"line":14,"column":3}},"type":"if","locations":[{"start":{"line":12,"column":2},"end":{"line":14,"column":3}},{"start":{},"end":{}}]},"1":{"loc":{"start":{"line":20,"column":2},"end":{"line":20,"column":31}},"type":"default-arg","locations":[{"start":{"line":20,"column":29},"end":{"line":20,"column":31}}]},"2":{"loc":{"start":{"line":21,"column":2},"end":{"line":21,"column":29}},"type":"default-arg","locations":[{"start":{"line":21,"column":27},"end":{"line":21,"column":29}}]},"3":{"loc":{"start":{"line":34,"column":2},"end":{"line":37,"column":3}},"type":"if","locations":[{"start":{"line":34,"column":2},"end":{"line":37,"column":3}},{"start":{},"end":{}}]},"4":{"loc":{"start":{"line":65,"column":20},"end":{"line":65,"column":74}},"type":"cond-expr","locations":[{"start":{"line":65,"column":45},"end":{"line":65,"column":58}},{"start":{"line":65,"column":61},"end":{"line":65,"column":74}}]},"5":{"loc":{"start":{"line":77,"column":22},"end":{"line":77,"column":46}},"type":"binary-expr","locations":[{"start":{"line":77,"column":22},"end":{"line":77,"column":38}},{"start":{"line":77,"column":42},"end":{"line":77,"column":46}}]},"6":{"loc":{"start":{"line":78,"column":18},"end":{"line":78,"column":72}},"type":"binary-expr","locations":[{"start":{"line":78,"column":18},"end":{"line":78,"column":55}},{"start":{"line":78,"column":59},"end":{"line":78,"column":72}}]},"7":{"loc":{"start":{"line":86,"column":20},"end":{"line":86,"column":74}},"type":"cond-expr","locations":[{"start":{"line":86,"column":45},"end":{"line":86,"column":58}},{"start":{"line":86,"column":61},"end":{"line":86,"column":74}}]},"8":{"loc":{"start":{"line":98,"column":4},"end":{"line":98,"column":63}},"type":"binary-expr","locations":[{"start":{"line":98,"column":4},"end":{"line":98,"column":57}},{"start":{"line":98,"column":61},"end":{"line":98,"column":63}}]},"9":{"loc":{"start":{"line":99,"column":4},"end":{"line":99,"column":61}},"type":"binary-expr","locations":[{"start":{"line":99,"column":4},"end":{"line":99,"column":55}},{"start":{"line":99,"column":59},"end":{"line":99,"column":61}}]},"10":{"loc":{"start":{"line":102,"column":2},"end":{"line":106,"column":3}},"type":"if","locations":[{"start":{"line":102,"column":2},"end":{"line":106,"column":3}},{"start":{},"end":{}}]},"11":{"loc":{"start":{"line":102,"column":6},"end":{"line":102,"column":58}},"type":"binary-expr","locations":[{"start":{"line":102,"column":6},"end":{"line":102,"column":30}},{"start":{"line":102,"column":34},"end":{"line":102,"column":58}}]},"12":{"loc":{"start":{"line":108,"column":2},"end":{"line":112,"column":3}},"type":"if","locations":[{"start":{"line":108,"column":2},"end":{"line":112,"column":3}},{"start":{},"end":{}}]},"13":{"loc":{"start":{"line":108,"column":6},"end":{"line":108,"column":52}},"type":"binary-expr","locations":[{"start":{"line":108,"column":6},"end":{"line":108,"column":30}},{"start":{"line":108,"column":34},"end":{"line":108,"column":52}}]},"14":{"loc":{"start":{"line":119,"column":6},"end":{"line":122,"column":7}},"type":"if","locations":[{"start":{"line":119,"column":6},"end":{"line":122,"column":7}},{"start":{},"end":{}}]},"15":{"loc":{"start":{"line":119,"column":10},"end":{"line":119,"column":49}},"type":"binary-expr","locations":[{"start":{"line":119,"column":10},"end":{"line":119,"column":17}},{"start":{"line":119,"column":21},"end":{"line":119,"column":49}}]},"16":{"loc":{"start":{"line":161,"column":0},"end":{"line":163,"column":1}},"type":"if","locations":[{"start":{"line":161,"column":0},"end":{"line":163,"column":1}},{"start":{},"end":{}}]}},"s":{"0":2,"1":2,"2":2,"3":2,"4":2,"5":2,"6":2,"7":2,"8":2,"9":2,"10":2,"11":6,"12":1,"13":5,"14":7,"15":2,"16":9,"17":9,"18":6,"19":6,"20":3,"21":3,"22":3,"23":3,"24":1,"25":3,"26":1,"27":1,"28":1,"29":2,"30":2,"31":2,"32":5,"33":5,"34":5,"35":5,"36":5,"37":5,"38":5,"39":5,"40":5,"41":1,"42":5,"43":2,"44":2,"45":5,"46":1,"47":5,"48":5,"49":5,"50":5,"51":1,"52":4,"53":2,"54":4,"55":3,"56":2,"57":2,"58":1,"59":4,"60":1,"61":1,"62":1,"63":1,"64":1,"65":4,"66":4,"67":4,"68":4,"69":4,"70":4,"71":4,"72":4,"73":2,"74":1},"f":{"0":6,"1":7,"2":9,"3":3,"4":1,"5":1,"6":5,"7":1,"8":2,"9":1,"10":3,"11":1},"b":{"0":[1,5],"1":[1],"2":[1],"3":[6,3],"4":[1,1],"5":[5,0],"6":[5,1],"7":[1,1],"8":[5,1],"9":[5,1],"10":[1,4],"11":[5,3],"12":[2,2],"13":[4,2],"14":[2,1],"15":[3,2],"16":[1,1]}}
,"C:\\Users\\jesjc\\OneDrive\\Documentos\\SaludDeUna\\salud-de-una-backend\\src\\admin\\admin.controller.ts": {"path":"C:\\Users\\jesjc\\OneDrive\\Documentos\\SaludDeUna\\salud-de-una-backend\\src\\admin\\admin.controller.ts","statementMap":{"0":{"start":{"line":1,"column":0},"end":{"line":1,"column":80}},"1":{"start":{"line":2,"column":0},"end":{"line":2,"column":61}},"2":{"start":{"line":3,"column":0},"end":{"line":3,"column":58}},"3":{"start":{"line":5,"column":0},"end":{"line":5,"column":47}},"4":{"start":{"line":6,"column":0},"end":{"line":6,"column":76}},"5":{"start":{"line":7,"column":0},"end":{"line":7,"column":58}},"6":{"start":{"line":10,"column":7},"end":{"line":28,"column":null}},"7":{"start":{"line":11,"column":31},"end":{"line":11,"column":45}},"8":{"start":{"line":16,"column":4},"end":{"line":16,"column":57}},"9":{"start":{"line":26,"column":4},"end":{"line":26,"column":68}},"10":{"start":{"line":10,"column":13},"end":{"line":10,"column":28}},"11":{"start":{"line":15,"column":2},"end":{"line":17,"column":null}},"12":{"start":{"line":21,"column":2},"end":{"line":27,"column":null}},"13":{"start":{"line":10,"column":13},"end":{"line":28,"column":null}}},"fnMap":{"0":{"name":"(anonymous_4)","decl":{"start":{"line":11,"column":2},"end":{"line":11,"column":31}},"loc":{"start":{"line":11,"column":57},"end":{"line":11,"column":61}}},"1":{"name":"(anonymous_5)","decl":{"start":{"line":15,"column":2},"end":{"line":15,"column":13}},"loc":{"start":{"line":15,"column":53},"end":{"line":17,"column":3}}},"2":{"name":"(anonymous_6)","decl":{"start":{"line":21,"column":2},"end":{"line":21,"column":14}},"loc":{"start":{"line":24,"column":30},"end":{"line":27,"column":3}}}},"branchMap":{"0":{"loc":{"start":{"line":15,"column":30},"end":{"line":15,"column":null}},"type":"cond-expr","locations":[{"start":{"line":15,"column":53},"end":{"line":15,"column":null}},{"start":{"line":15,"column":53},"end":{"line":15,"column":null}}]},"1":{"loc":{"start":{"line":15,"column":30},"end":{"line":15,"column":53}},"type":"binary-expr","locations":[{"start":{"line":15,"column":30},"end":{"line":15,"column":null}},{"start":{"line":15,"column":30},"end":{"line":15,"column":53}}]},"2":{"loc":{"start":{"line":23,"column":17},"end":{"line":23,"column":null}},"type":"cond-expr","locations":[{"start":{"line":23,"column":32},"end":{"line":23,"column":null}},{"start":{"line":23,"column":32},"end":{"line":23,"column":null}}]},"3":{"loc":{"start":{"line":23,"column":17},"end":{"line":23,"column":32}},"type":"binary-expr","locations":[{"start":{"line":23,"column":17},"end":{"line":23,"column":null}},{"start":{"line":23,"column":17},"end":{"line":23,"column":32}}]},"4":{"loc":{"start":{"line":11,"column":45},"end":{"line":11,"column":60}},"type":"cond-expr","locations":[{"start":{"line":11,"column":57},"end":{"line":11,"column":60}},{"start":{"line":11,"column":57},"end":{"line":11,"column":60}}]},"5":{"loc":{"start":{"line":11,"column":45},"end":{"line":11,"column":57}},"type":"binary-expr","locations":[{"start":{"line":11,"column":45},"end":{"line":11,"column":60}},{"start":{"line":11,"column":45},"end":{"line":11,"column":57}}]}},"s":{"0":4,"1":4,"2":4,"3":4,"4":4,"5":4,"6":4,"7":2,"8":1,"9":1,"10":4,"11":4,"12":4,"13":4},"f":{"0":2,"1":1,"2":1},"b":{"0":[4,0],"1":[4,4],"2":[4,0],"3":[4,4],"4":[4,0],"5":[4,4]}}
,"C:\\Users\\jesjc\\OneDrive\\Documentos\\SaludDeUna\\salud-de-una-backend\\src\\admin\\admin.module.ts": {"path":"C:\\Users\\jesjc\\OneDrive\\Documentos\\SaludDeUna\\salud-de-una-backend\\src\\admin\\admin.module.ts","statementMap":{"0":{"start":{"line":1,"column":0},"end":{"line":1,"column":40}},"1":{"start":{"line":2,"column":0},"end":{"line":2,"column":50}},"2":{"start":{"line":3,"column":0},"end":{"line":3,"column":72}},"3":{"start":{"line":4,"column":0},"end":{"line":4,"column":null}},"4":{"start":{"line":8,"column":0},"end":{"line":8,"column":76}},"5":{"start":{"line":9,"column":0},"end":{"line":9,"column":53}},"6":{"start":{"line":10,"column":0},"end":{"line":10,"column":47}},"7":{"start":{"line":23,"column":7},"end":{"line":23,"column":null}},"8":{"start":{"line":23,"column":13},"end":{"line":23,"column":24}},"9":{"start":{"line":23,"column":13},"end":{"line":23,"column":null}}},"fnMap":{},"branchMap":{},"s":{"0":3,"1":3,"2":3,"3":3,"4":3,"5":3,"6":3,"7":3,"8":3,"9":3},"f":{},"b":{}}
,"C:\\Users\\jesjc\\OneDrive\\Documentos\\SaludDeUna\\salud-de-una-backend\\src\\admin\\admin.service.ts": {"path":"C:\\Users\\jesjc\\OneDrive\\Documentos\\SaludDeUna\\salud-de-una-backend\\src\\admin\\admin.service.ts","statementMap":{"0":{"start":{"line":1,"column":0},"end":{"line":1,"column":null}},"1":{"start":{"line":8,"column":0},"end":{"line":8,"column":65}},"2":{"start":{"line":9,"column":0},"end":{"line":9,"column":67}},"3":{"start":{"line":10,"column":0},"end":{"line":10,"column":66}},"4":{"start":{"line":13,"column":0},"end":{"line":13,"column":74}},"5":{"start":{"line":14,"column":0},"end":{"line":14,"column":null}},"6":{"start":{"line":18,"column":0},"end":{"line":18,"column":78}},"7":{"start":{"line":21,"column":0},"end":{"line":21,"column":64}},"8":{"start":{"line":24,"column":7},"end":{"line":319,"column":null}},"9":{"start":{"line":26,"column":41},"end":{"line":26,"column":53}},"10":{"start":{"line":28,"column":21},"end":{"line":28,"column":34}},"11":{"start":{"line":30,"column":21},"end":{"line":30,"column":46}},"12":{"start":{"line":31,"column":21},"end":{"line":31,"column":43}},"13":{"start":{"line":35,"column":19},"end":{"line":35,"column":39}},"14":{"start":{"line":40,"column":8},"end":{"line":40,"column":10}},"15":{"start":{"line":42,"column":4},"end":{"line":44,"column":5}},"16":{"start":{"line":43,"column":6},"end":{"line":43,"column":47}},"17":{"start":{"line":46,"column":4},"end":{"line":48,"column":5}},"18":{"start":{"line":47,"column":6},"end":{"line":47,"column":47}},"19":{"start":{"line":50,"column":4},"end":{"line":59,"column":5}},"20":{"start":{"line":51,"column":28},"end":{"line":51,"column":73}},"21":{"start":{"line":52,"column":26},"end":{"line":52,"column":56}},"22":{"start":{"line":53,"column":6},"end":{"line":58,"column":8}},"23":{"start":{"line":61,"column":17},"end":{"line":61,"column":32}},"24":{"start":{"line":62,"column":18},"end":{"line":62,"column":35}},"25":{"start":{"line":63,"column":17},"end":{"line":63,"column":35}},"26":{"start":{"line":65,"column":37},"end":{"line":77,"column":6}},"27":{"start":{"line":79,"column":22},"end":{"line":79,"column":57}},"28":{"start":{"line":79,"column":46},"end":{"line":79,"column":56}},"29":{"start":{"line":81,"column":6},"end":{"line":112,"column":19}},"30":{"start":{"line":114,"column":28},"end":{"line":118,"column":null}},"31":{"start":{"line":115,"column":48},"end":{"line":118,"column":8}},"32":{"start":{"line":121,"column":26},"end":{"line":130,"column":13}},"33":{"start":{"line":132,"column":23},"end":{"line":132,"column":24}},"34":{"start":{"line":133,"column":24},"end":{"line":133,"column":25}},"35":{"start":{"line":134,"column":24},"end":{"line":134,"column":25}},"36":{"start":{"line":135,"column":21},"end":{"line":135,"column":22}},"37":{"start":{"line":137,"column":4},"end":{"line":146,"column":5}},"38":{"start":{"line":138,"column":6},"end":{"line":138,"column":26}},"39":{"start":{"line":139,"column":6},"end":{"line":145,"column":7}},"40":{"start":{"line":140,"column":8},"end":{"line":140,"column":29}},"41":{"start":{"line":141,"column":13},"end":{"line":145,"column":7}},"42":{"start":{"line":142,"column":8},"end":{"line":142,"column":30}},"43":{"start":{"line":143,"column":13},"end":{"line":145,"column":7}},"44":{"start":{"line":144,"column":8},"end":{"line":144,"column":30}},"45":{"start":{"line":147,"column":4},"end":{"line":185,"column":6}},"46":{"start":{"line":161,"column":35},"end":{"line":161,"column":77}},"47":{"start":{"line":162,"column":8},"end":{"line":183,"column":10}},"48":{"start":{"line":193,"column":4},"end":{"line":195,"column":5}},"49":{"start":{"line":194,"column":6},"end":{"line":194,"column":57}},"50":{"start":{"line":197,"column":20},"end":{"line":197,"column":56}},"51":{"start":{"line":198,"column":4},"end":{"line":240,"column":5}},"52":{"start":{"line":215,"column":17},"end":{"line":215,"column":21}},"53":{"start":{"line":216,"column":6},"end":{"line":223,"column":9}},"54":{"start":{"line":217,"column":8},"end":{"line":222,"column":10}},"55":{"start":{"line":225,"column":6},"end":{"line":229,"column":7}},"56":{"start":{"line":226,"column":8},"end":{"line":228,"column":10}},"57":{"start":{"line":230,"column":6},"end":{"line":230,"column":22}},"58":{"start":{"line":232,"column":6},"end":{"line":234,"column":7}},"59":{"start":{"line":233,"column":8},"end":{"line":233,"column":20}},"60":{"start":{"line":235,"column":6},"end":{"line":237,"column":8}},"61":{"start":{"line":239,"column":6},"end":{"line":239,"column":33}},"62":{"start":{"line":249,"column":19},"end":{"line":252,"column":13}},"63":{"start":{"line":253,"column":4},"end":{"line":255,"column":5}},"64":{"start":{"line":254,"column":6},"end":{"line":254,"column":58}},"65":{"start":{"line":257,"column":22},"end":{"line":257,"column":32}},"66":{"start":{"line":258,"column":25},"end":{"line":275,"column":null}},"67":{"start":{"line":278,"column":4},"end":{"line":290,"column":5}},"68":{"start":{"line":280,"column":8},"end":{"line":280,"column":52}},"69":{"start":{"line":281,"column":8},"end":{"line":281,"column":14}},"70":{"start":{"line":284,"column":8},"end":{"line":284,"column":52}},"71":{"start":{"line":285,"column":8},"end":{"line":285,"column":14}},"72":{"start":{"line":288,"column":8},"end":{"line":288,"column":51}},"73":{"start":{"line":289,"column":8},"end":{"line":289,"column":14}},"74":{"start":{"line":291,"column":4},"end":{"line":291,"column":52}},"75":{"start":{"line":292,"column":4},"end":{"line":292,"column":35}},"76":{"start":{"line":294,"column":4},"end":{"line":299,"column":6}},"77":{"start":{"line":301,"column":4},"end":{"line":317,"column":6}},"78":{"start":{"line":24,"column":13},"end":{"line":24,"column":25}},"79":{"start":{"line":24,"column":13},"end":{"line":319,"column":null}}},"fnMap":{"0":{"name":"(anonymous_4)","decl":{"start":{"line":25,"column":2},"end":{"line":25,"column":null}},"loc":{"start":{"line":31,"column":63},"end":{"line":32,"column":6}}},"1":{"name":"(anonymous_5)","decl":{"start":{"line":34,"column":2},"end":{"line":34,"column":7}},"loc":{"start":{"line":34,"column":59},"end":{"line":186,"column":3}}},"2":{"name":"(anonymous_6)","decl":{"start":{"line":79,"column":34},"end":{"line":79,"column":35}},"loc":{"start":{"line":79,"column":46},"end":{"line":79,"column":56}}},"3":{"name":"(anonymous_7)","decl":{"start":{"line":115,"column":30},"end":{"line":115,"column":31}},"loc":{"start":{"line":115,"column":48},"end":{"line":118,"column":8}}},"4":{"name":"(anonymous_8)","decl":{"start":{"line":160,"column":25},"end":{"line":160,"column":26}},"loc":{"start":{"line":160,"column":36},"end":{"line":184,"column":7}}},"5":{"name":"(anonymous_9)","decl":{"start":{"line":188,"column":2},"end":{"line":188,"column":7}},"loc":{"start":{"line":191,"column":22},"end":{"line":241,"column":3}}},"6":{"name":"(anonymous_10)","decl":{"start":{"line":216,"column":36},"end":{"line":216,"column":41}},"loc":{"start":{"line":216,"column":47},"end":{"line":223,"column":7}}},"7":{"name":"(anonymous_11)","decl":{"start":{"line":243,"column":10},"end":{"line":243,"column":15}},"loc":{"start":{"line":247,"column":26},"end":{"line":318,"column":3}}}},"branchMap":{"0":{"loc":{"start":{"line":42,"column":4},"end":{"line":44,"column":5}},"type":"if","locations":[{"start":{"line":42,"column":4},"end":{"line":44,"column":5}},{"start":{},"end":{}}]},"1":{"loc":{"start":{"line":46,"column":4},"end":{"line":48,"column":5}},"type":"if","locations":[{"start":{"line":46,"column":4},"end":{"line":48,"column":5}},{"start":{},"end":{}}]},"2":{"loc":{"start":{"line":50,"column":4},"end":{"line":59,"column":5}},"type":"if","locations":[{"start":{"line":50,"column":4},"end":{"line":59,"column":5}},{"start":{},"end":{}}]},"3":{"loc":{"start":{"line":61,"column":17},"end":{"line":61,"column":32}},"type":"binary-expr","locations":[{"start":{"line":61,"column":17},"end":{"line":61,"column":27}},{"start":{"line":61,"column":31},"end":{"line":61,"column":32}}]},"4":{"loc":{"start":{"line":62,"column":18},"end":{"line":62,"column":35}},"type":"binary-expr","locations":[{"start":{"line":62,"column":18},"end":{"line":62,"column":29}},{"start":{"line":62,"column":33},"end":{"line":62,"column":35}}]},"5":{"loc":{"start":{"line":81,"column":6},"end":{"line":112,"column":19}},"type":"cond-expr","locations":[{"start":{"line":82,"column":10},"end":{"line":82,"column":12}},{"start":{"line":83,"column":10},"end":{"line":112,"column":19}}]},"6":{"loc":{"start":{"line":139,"column":6},"end":{"line":145,"column":7}},"type":"if","locations":[{"start":{"line":139,"column":6},"end":{"line":145,"column":7}},{"start":{"line":141,"column":13},"end":{"line":145,"column":7}}]},"7":{"loc":{"start":{"line":141,"column":13},"end":{"line":145,"column":7}},"type":"if","locations":[{"start":{"line":141,"column":13},"end":{"line":145,"column":7}},{"start":{"line":143,"column":13},"end":{"line":145,"column":7}}]},"8":{"loc":{"start":{"line":143,"column":13},"end":{"line":145,"column":7}},"type":"if","locations":[{"start":{"line":143,"column":13},"end":{"line":145,"column":7}},{"start":{},"end":{}}]},"9":{"loc":{"start":{"line":172,"column":21},"end":{"line":172,"column":45}},"type":"binary-expr","locations":[{"start":{"line":172,"column":21},"end":{"line":172,"column":37}},{"start":{"line":172,"column":41},"end":{"line":172,"column":45}}]},"10":{"loc":{"start":{"line":173,"column":21},"end":{"line":173,"column":45}},"type":"binary-expr","locations":[{"start":{"line":173,"column":21},"end":{"line":173,"column":37}},{"start":{"line":173,"column":41},"end":{"line":173,"column":45}}]},"11":{"loc":{"start":{"line":174,"column":30},"end":{"line":182,"column":18}},"type":"cond-expr","locations":[{"start":{"line":175,"column":14},"end":{"line":181,"column":null}},{"start":{"line":182,"column":14},"end":{"line":182,"column":18}}]},"12":{"loc":{"start":{"line":193,"column":4},"end":{"line":195,"column":5}},"type":"if","locations":[{"start":{"line":193,"column":4},"end":{"line":195,"column":5}},{"start":{},"end":{}}]},"13":{"loc":{"start":{"line":225,"column":6},"end":{"line":229,"column":7}},"type":"if","locations":[{"start":{"line":225,"column":6},"end":{"line":229,"column":7}},{"start":{},"end":{}}]},"14":{"loc":{"start":{"line":232,"column":6},"end":{"line":234,"column":7}},"type":"if","locations":[{"start":{"line":232,"column":6},"end":{"line":234,"column":7}},{"start":{},"end":{}}]},"15":{"loc":{"start":{"line":253,"column":4},"end":{"line":255,"column":5}},"type":"if","locations":[{"start":{"line":253,"column":4},"end":{"line":255,"column":5}},{"start":{},"end":{}}]},"16":{"loc":{"start":{"line":278,"column":4},"end":{"line":290,"column":5}},"type":"switch","locations":[{"start":{"line":279,"column":6},"end":{"line":281,"column":14}},{"start":{"line":283,"column":6},"end":{"line":285,"column":14}},{"start":{"line":287,"column":6},"end":{"line":289,"column":14}}]},"17":{"loc":{"start":{"line":26,"column":53},"end":{"line":26,"column":null}},"type":"cond-expr","locations":[{"start":{"line":26,"column":63},"end":{"line":26,"column":null}},{"start":{"line":26,"column":63},"end":{"line":26,"column":null}}]},"18":{"loc":{"start":{"line":26,"column":53},"end":{"line":26,"column":63}},"type":"binary-expr","locations":[{"start":{"line":26,"column":53},"end":{"line":26,"column":null}},{"start":{"line":26,"column":53},"end":{"line":26,"column":63}}]},"19":{"loc":{"start":{"line":26,"column":63},"end":{"line":28,"column":55}},"type":"cond-expr","locations":[{"start":{"line":28,"column":39},"end":{"line":28,"column":55}},{"start":{"line":28,"column":39},"end":{"line":28,"column":55}}]},"20":{"loc":{"start":{"line":26,"column":63},"end":{"line":28,"column":39}},"type":"binary-expr","locations":[{"start":{"line":26,"column":63},"end":{"line":28,"column":55}},{"start":{"line":28,"column":34},"end":{"line":28,"column":39}}]},"21":{"loc":{"start":{"line":28,"column":39},"end":{"line":30,"column":79}},"type":"cond-expr","locations":[{"start":{"line":30,"column":51},"end":{"line":30,"column":79}},{"start":{"line":30,"column":51},"end":{"line":30,"column":79}}]},"22":{"loc":{"start":{"line":28,"column":39},"end":{"line":30,"column":51}},"type":"binary-expr","locations":[{"start":{"line":28,"column":39},"end":{"line":30,"column":79}},{"start":{"line":30,"column":46},"end":{"line":30,"column":51}}]},"23":{"loc":{"start":{"line":30,"column":51},"end":{"line":31,"column":null}},"type":"cond-expr","locations":[{"start":{"line":31,"column":63},"end":{"line":31,"column":null}},{"start":{"line":31,"column":63},"end":{"line":31,"column":null}}]},"24":{"loc":{"start":{"line":30,"column":51},"end":{"line":31,"column":63}},"type":"binary-expr","locations":[{"start":{"line":30,"column":51},"end":{"line":31,"column":null}},{"start":{"line":31,"column":43},"end":{"line":31,"column":63}}]}},"s":{"0":5,"1":5,"2":5,"3":5,"4":5,"5":5,"6":5,"7":5,"8":5,"9":10,"10":10,"11":10,"12":10,"13":4,"14":4,"15":4,"16":1,"17":4,"18":1,"19":4,"20":2,"21":2,"22":2,"23":4,"24":4,"25":4,"26":4,"27":4,"28":2,"29":4,"30":4,"31":1,"32":4,"33":4,"34":4,"35":4,"36":4,"37":4,"38":3,"39":3,"40":1,"41":2,"42":1,"43":1,"44":1,"45":4,"46":2,"47":2,"48":6,"49":1,"50":5,"51":5,"52":5,"53":5,"54":5,"55":3,"56":0,"57":3,"58":2,"59":1,"60":1,"61":5,"62":5,"63":5,"64":1,"65":4,"66":4,"67":3,"68":1,"69":1,"70":1,"71":1,"72":1,"73":1,"74":3,"75":3,"76":3,"77":3,"78":5,"79":5},"f":{"0":10,"1":4,"2":2,"3":1,"4":2,"5":6,"6":5,"7":5},"b":{"0":[1,3],"1":[1,3],"2":[2,2],"3":[4,3],"4":[4,3],"5":[3,1],"6":[1,2],"7":[1,1],"8":[1,0],"9":[2,0],"10":[2,0],"11":[1,1],"12":[1,5],"13":[0,3],"14":[1,1],"15":[1,4],"16":[1,1,1],"17":[5,0],"18":[5,5],"19":[5,0],"20":[5,5],"21":[5,0],"22":[5,5],"23":[5,0],"24":[5,5]}}
,"C:\\Users\\jesjc\\OneDrive\\Documentos\\SaludDeUna\\salud-de-una-backend\\src\\admins\\admin-seeder.service.ts": {"path":"C:\\Users\\jesjc\\OneDrive\\Documentos\\SaludDeUna\\salud-de-una-backend\\src\\admins\\admin-seeder.service.ts","statementMap":{"0":{"start":{"line":1,"column":0},"end":{"line":1,"column":76}},"1":{"start":{"line":2,"column":0},"end":{"line":2,"column":47}},"2":{"start":{"line":3,"column":0},"end":{"line":3,"column":47}},"3":{"start":{"line":4,"column":0},"end":{"line":4,"column":33}},"4":{"start":{"line":5,"column":0},"end":{"line":5,"column":33}},"5":{"start":{"line":6,"column":0},"end":{"line":6,"column":62}},"6":{"start":{"line":9,"column":31},"end":{"line":52,"column":null}},"7":{"start":{"line":10,"column":28},"end":{"line":10,"column":63}},"8":{"start":{"line":14,"column":21},"end":{"line":14,"column":33}},"9":{"start":{"line":15,"column":21},"end":{"line":15,"column":36}},"10":{"start":{"line":19,"column":20},"end":{"line":19,"column":77}},"11":{"start":{"line":20,"column":4},"end":{"line":22,"column":5}},"12":{"start":{"line":21,"column":6},"end":{"line":21,"column":13}},"13":{"start":{"line":24,"column":21},"end":{"line":24,"column":76}},"14":{"start":{"line":25,"column":18},"end":{"line":25,"column":70}},"15":{"start":{"line":26,"column":21},"end":{"line":26,"column":79}},"16":{"start":{"line":28,"column":6},"end":{"line":28,"column":77}},"17":{"start":{"line":30,"column":6},"end":{"line":30,"column":77}},"18":{"start":{"line":32,"column":4},"end":{"line":35,"column":5}},"19":{"start":{"line":33,"column":6},"end":{"line":33,"column":73}},"20":{"start":{"line":34,"column":6},"end":{"line":34,"column":13}},"21":{"start":{"line":37,"column":26},"end":{"line":37,"column":73}},"22":{"start":{"line":38,"column":4},"end":{"line":40,"column":5}},"23":{"start":{"line":39,"column":6},"end":{"line":39,"column":13}},"24":{"start":{"line":42,"column":25},"end":{"line":42,"column":56}},"25":{"start":{"line":43,"column":4},"end":{"line":48,"column":7}},"26":{"start":{"line":50,"column":4},"end":{"line":50,"column":60}},"27":{"start":{"line":9,"column":13},"end":{"line":9,"column":31}},"28":{"start":{"line":9,"column":13},"end":{"line":52,"column":null}}},"fnMap":{"0":{"name":"(anonymous_13)","decl":{"start":{"line":12,"column":2},"end":{"line":12,"column":null}},"loc":{"start":{"line":15,"column":49},"end":{"line":16,"column":6}}},"1":{"name":"(anonymous_14)","decl":{"start":{"line":18,"column":2},"end":{"line":18,"column":7}},"loc":{"start":{"line":18,"column":30},"end":{"line":51,"column":3}}}},"branchMap":{"0":{"loc":{"start":{"line":20,"column":4},"end":{"line":22,"column":5}},"type":"if","locations":[{"start":{"line":20,"column":4},"end":{"line":22,"column":5}},{"start":{},"end":{}}]},"1":{"loc":{"start":{"line":25,"column":18},"end":{"line":25,"column":70}},"type":"cond-expr","locations":[{"start":{"line":25,"column":29},"end":{"line":25,"column":58}},{"start":{"line":25,"column":61},"end":{"line":25,"column":70}}]},"2":{"loc":{"start":{"line":28,"column":6},"end":{"line":28,"column":77}},"type":"binary-expr","locations":[{"start":{"line":28,"column":6},"end":{"line":28,"column":66}},{"start":{"line":28,"column":70},"end":{"line":28,"column":77}}]},"3":{"loc":{"start":{"line":30,"column":6},"end":{"line":30,"column":77}},"type":"binary-expr","locations":[{"start":{"line":30,"column":6},"end":{"line":30,"column":65}},{"start":{"line":30,"column":69},"end":{"line":30,"column":77}}]},"4":{"loc":{"start":{"line":32,"column":4},"end":{"line":35,"column":5}},"type":"if","locations":[{"start":{"line":32,"column":4},"end":{"line":35,"column":5}},{"start":{},"end":{}}]},"5":{"loc":{"start":{"line":32,"column":8},"end":{"line":32,"column":27}},"type":"binary-expr","locations":[{"start":{"line":32,"column":8},"end":{"line":32,"column":14}},{"start":{"line":32,"column":18},"end":{"line":32,"column":27}}]},"6":{"loc":{"start":{"line":38,"column":4},"end":{"line":40,"column":5}},"type":"if","locations":[{"start":{"line":38,"column":4},"end":{"line":40,"column":5}},{"start":{},"end":{}}]},"7":{"loc":{"start":{"line":14,"column":33},"end":{"line":14,"column":53}},"type":"cond-expr","locations":[{"start":{"line":14,"column":38},"end":{"line":14,"column":53}},{"start":{"line":14,"column":38},"end":{"line":14,"column":53}}]},"8":{"loc":{"start":{"line":14,"column":33},"end":{"line":14,"column":38}},"type":"binary-expr","locations":[{"start":{"line":14,"column":33},"end":{"line":14,"column":53}},{"start":{"line":14,"column":33},"end":{"line":14,"column":38}}]},"9":{"loc":{"start":{"line":14,"column":38},"end":{"line":15,"column":null}},"type":"cond-expr","locations":[{"start":{"line":15,"column":49},"end":{"line":15,"column":null}},{"start":{"line":15,"column":49},"end":{"line":15,"column":null}}]},"10":{"loc":{"start":{"line":14,"column":38},"end":{"line":15,"column":49}},"type":"binary-expr","locations":[{"start":{"line":14,"column":38},"end":{"line":15,"column":null}},{"start":{"line":15,"column":36},"end":{"line":15,"column":49}}]}},"s":{"0":4,"1":4,"2":4,"3":4,"4":4,"5":4,"6":4,"7":4,"8":4,"9":4,"10":4,"11":4,"12":1,"13":3,"14":3,"15":3,"16":3,"17":3,"18":3,"19":1,"20":1,"21":2,"22":2,"23":1,"24":1,"25":1,"26":1,"27":4,"28":4},"f":{"0":4,"1":4},"b":{"0":[1,3],"1":[2,1],"2":[3,2],"3":[3,2],"4":[1,2],"5":[3,2],"6":[1,1],"7":[4,0],"8":[4,4],"9":[4,0],"10":[4,4]}}
,"C:\\Users\\jesjc\\OneDrive\\Documentos\\SaludDeUna\\salud-de-una-backend\\src\\admins\\admins.module.ts": {"path":"C:\\Users\\jesjc\\OneDrive\\Documentos\\SaludDeUna\\salud-de-una-backend\\src\\admins\\admins.module.ts","statementMap":{"0":{"start":{"line":1,"column":0},"end":{"line":1,"column":40}},"1":{"start":{"line":2,"column":0},"end":{"line":2,"column":50}},"2":{"start":{"line":3,"column":0},"end":{"line":3,"column":60}},"3":{"start":{"line":4,"column":0},"end":{"line":4,"column":60}},"4":{"start":{"line":13,"column":7},"end":{"line":13,"column":null}},"5":{"start":{"line":13,"column":13},"end":{"line":13,"column":25}},"6":{"start":{"line":13,"column":13},"end":{"line":13,"column":null}}},"fnMap":{},"branchMap":{},"s":{"0":3,"1":3,"2":3,"3":3,"4":3,"5":3,"6":3},"f":{},"b":{}}
,"C:\\Users\\jesjc\\OneDrive\\Documentos\\SaludDeUna\\salud-de-una-backend\\src\\auth\\auth.controller.ts": {"path":"C:\\Users\\jesjc\\OneDrive\\Documentos\\SaludDeUna\\salud-de-una-backend\\src\\auth\\auth.controller.ts","statementMap":{"0":{"start":{"line":1,"column":0},"end":{"line":1,"column":null}},"1":{"start":{"line":10,"column":0},"end":{"line":10,"column":45}},"2":{"start":{"line":11,"column":0},"end":{"line":11,"column":63}},"3":{"start":{"line":13,"column":0},"end":{"line":13,"column":63}},"4":{"start":{"line":14,"column":0},"end":{"line":14,"column":45}},"5":{"start":{"line":15,"column":0},"end":{"line":15,"column":43}},"6":{"start":{"line":16,"column":0},"end":{"line":16,"column":45}},"7":{"start":{"line":17,"column":0},"end":{"line":17,"column":58}},"8":{"start":{"line":18,"column":0},"end":{"line":18,"column":62}},"9":{"start":{"line":19,"column":0},"end":{"line":19,"column":64}},"10":{"start":{"line":22,"column":7},"end":{"line":98,"column":null}},"11":{"start":{"line":23,"column":31},"end":{"line":23,"column":44}},"12":{"start":{"line":29,"column":4},"end":{"line":29,"column":49}},"13":{"start":{"line":36,"column":4},"end":{"line":36,"column":48}},"14":{"start":{"line":44,"column":20},"end":{"line":46,"column":null}},"15":{"start":{"line":48,"column":4},"end":{"line":48,"column":43}},"16":{"start":{"line":56,"column":20},"end":{"line":56,"column":78}},"17":{"start":{"line":57,"column":4},"end":{"line":57,"column":43}},"18":{"start":{"line":65,"column":20},"end":{"line":65,"column":74}},"19":{"start":{"line":66,"column":4},"end":{"line":66,"column":43}},"20":{"start":{"line":74,"column":4},"end":{"line":74,"column":66}},"21":{"start":{"line":75,"column":4},"end":{"line":75,"column":41}},"22":{"start":{"line":80,"column":4},"end":{"line":80,"column":46}},"23":{"start":{"line":92,"column":4},"end":{"line":96,"column":6}},"24":{"start":{"line":22,"column":13},"end":{"line":22,"column":27}},"25":{"start":{"line":28,"column":2},"end":{"line":30,"column":null}},"26":{"start":{"line":35,"column":2},"end":{"line":37,"column":null}},"27":{"start":{"line":43,"column":8},"end":{"line":49,"column":null}},"28":{"start":{"line":55,"column":8},"end":{"line":58,"column":null}},"29":{"start":{"line":64,"column":8},"end":{"line":67,"column":null}},"30":{"start":{"line":73,"column":8},"end":{"line":76,"column":null}},"31":{"start":{"line":79,"column":2},"end":{"line":81,"column":null}},"32":{"start":{"line":22,"column":13},"end":{"line":98,"column":null}}},"fnMap":{"0":{"name":"(anonymous_4)","decl":{"start":{"line":23,"column":2},"end":{"line":23,"column":31}},"loc":{"start":{"line":23,"column":55},"end":{"line":23,"column":59}}},"1":{"name":"(anonymous_5)","decl":{"start":{"line":28,"column":2},"end":{"line":28,"column":17}},"loc":{"start":{"line":28,"column":49},"end":{"line":30,"column":3}}},"2":{"name":"(anonymous_6)","decl":{"start":{"line":35,"column":2},"end":{"line":35,"column":16}},"loc":{"start":{"line":35,"column":47},"end":{"line":37,"column":3}}},"3":{"name":"(anonymous_7)","decl":{"start":{"line":43,"column":8},"end":{"line":43,"column":20}},"loc":{"start":{"line":43,"column":42},"end":{"line":49,"column":3}}},"4":{"name":"(anonymous_8)","decl":{"start":{"line":55,"column":8},"end":{"line":55,"column":18}},"loc":{"start":{"line":55,"column":40},"end":{"line":58,"column":3}}},"5":{"name":"(anonymous_9)","decl":{"start":{"line":64,"column":8},"end":{"line":64,"column":15}},"loc":{"start":{"line":64,"column":44},"end":{"line":67,"column":3}}},"6":{"name":"(anonymous_10)","decl":{"start":{"line":73,"column":8},"end":{"line":73,"column":14}},"loc":{"start":{"line":73,"column":37},"end":{"line":76,"column":3}}},"7":{"name":"(anonymous_11)","decl":{"start":{"line":79,"column":2},"end":{"line":79,"column":4}},"loc":{"start":{"line":79,"column":35},"end":{"line":81,"column":3}}},"8":{"name":"(anonymous_12)","decl":{"start":{"line":83,"column":10},"end":{"line":83,"column":27}},"loc":{"start":{"line":91,"column":3},"end":{"line":97,"column":3}}}},"branchMap":{"0":{"loc":{"start":{"line":28,"column":31},"end":{"line":28,"column":null}},"type":"cond-expr","locations":[{"start":{"line":28,"column":49},"end":{"line":28,"column":null}},{"start":{"line":28,"column":49},"end":{"line":28,"column":null}}]},"1":{"loc":{"start":{"line":28,"column":31},"end":{"line":28,"column":49}},"type":"binary-expr","locations":[{"start":{"line":28,"column":31},"end":{"line":28,"column":null}},{"start":{"line":28,"column":31},"end":{"line":28,"column":49}}]},"2":{"loc":{"start":{"line":35,"column":30},"end":{"line":35,"column":null}},"type":"cond-expr","locations":[{"start":{"line":35,"column":47},"end":{"line":35,"column":null}},{"start":{"line":35,"column":47},"end":{"line":35,"column":null}}]},"3":{"loc":{"start":{"line":35,"column":30},"end":{"line":35,"column":47}},"type":"binary-expr","locations":[{"start":{"line":35,"column":30},"end":{"line":35,"column":null}},{"start":{"line":35,"column":30},"end":{"line":35,"column":47}}]},"4":{"loc":{"start":{"line":43,"column":34},"end":{"line":43,"column":null}},"type":"cond-expr","locations":[{"start":{"line":43,"column":42},"end":{"line":43,"column":null}},{"start":{"line":43,"column":42},"end":{"line":43,"column":null}}]},"5":{"loc":{"start":{"line":43,"column":34},"end":{"line":43,"column":42}},"type":"binary-expr","locations":[{"start":{"line":43,"column":34},"end":{"line":43,"column":null}},{"start":{"line":43,"column":34},"end":{"line":43,"column":42}}]},"6":{"loc":{"start":{"line":55,"column":32},"end":{"line":55,"column":null}},"type":"cond-expr","locations":[{"start":{"line":55,"column":40},"end":{"line":55,"column":null}},{"start":{"line":55,"column":40},"end":{"line":55,"column":null}}]},"7":{"loc":{"start":{"line":55,"column":32},"end":{"line":55,"column":40}},"type":"binary-expr","locations":[{"start":{"line":55,"column":32},"end":{"line":55,"column":null}},{"start":{"line":55,"column":32},"end":{"line":55,"column":40}}]},"8":{"loc":{"start":{"line":64,"column":29},"end":{"line":64,"column":null}},"type":"cond-expr","locations":[{"start":{"line":64,"column":44},"end":{"line":64,"column":null}},{"start":{"line":64,"column":44},"end":{"line":64,"column":null}}]},"9":{"loc":{"start":{"line":64,"column":29},"end":{"line":64,"column":44}},"type":"binary-expr","locations":[{"start":{"line":64,"column":29},"end":{"line":64,"column":null}},{"start":{"line":64,"column":29},"end":{"line":64,"column":44}}]},"10":{"loc":{"start":{"line":73,"column":28},"end":{"line":73,"column":null}},"type":"cond-expr","locations":[{"start":{"line":73,"column":37},"end":{"line":73,"column":null}},{"start":{"line":73,"column":37},"end":{"line":73,"column":null}}]},"11":{"loc":{"start":{"line":73,"column":28},"end":{"line":73,"column":37}},"type":"binary-expr","locations":[{"start":{"line":73,"column":28},"end":{"line":73,"column":null}},{"start":{"line":73,"column":28},"end":{"line":73,"column":37}}]},"12":{"loc":{"start":{"line":79,"column":38},"end":{"line":79,"column":null}},"type":"cond-expr","locations":[{"start":{"line":79,"column":55},"end":{"line":79,"column":null}},{"start":{"line":79,"column":55},"end":{"line":79,"column":null}}]},"13":{"loc":{"start":{"line":79,"column":38},"end":{"line":79,"column":55}},"type":"binary-expr","locations":[{"start":{"line":79,"column":38},"end":{"line":79,"column":null}},{"start":{"line":79,"column":38},"end":{"line":79,"column":55}}]},"14":{"loc":{"start":{"line":23,"column":44},"end":{"line":23,"column":58}},"type":"cond-expr","locations":[{"start":{"line":23,"column":55},"end":{"line":23,"column":58}},{"start":{"line":23,"column":55},"end":{"line":23,"column":58}}]},"15":{"loc":{"start":{"line":23,"column":44},"end":{"line":23,"column":55}},"type":"binary-expr","locations":[{"start":{"line":23,"column":44},"end":{"line":23,"column":58}},{"start":{"line":23,"column":44},"end":{"line":23,"column":55}}]}},"s":{"0":4,"1":4,"2":4,"3":4,"4":4,"5":4,"6":4,"7":4,"8":4,"9":4,"10":4,"11":7,"12":1,"13":1,"14":1,"15":1,"16":1,"17":1,"18":1,"19":1,"20":1,"21":1,"22":1,"23":3,"24":4,"25":4,"26":4,"27":4,"28":4,"29":4,"30":4,"31":4,"32":4},"f":{"0":7,"1":1,"2":1,"3":1,"4":1,"5":1,"6":1,"7":1,"8":3},"b":{"0":[4,0],"1":[4,4],"2":[4,0],"3":[4,4],"4":[4,0],"5":[4,4],"6":[4,0],"7":[4,4],"8":[4,0],"9":[4,4],"10":[4,0],"11":[4,4],"12":[4,0],"13":[4,4],"14":[4,0],"15":[4,4]}}
,"C:\\Users\\jesjc\\OneDrive\\Documentos\\SaludDeUna\\salud-de-una-backend\\src\\auth\\auth.module.ts": {"path":"C:\\Users\\jesjc\\OneDrive\\Documentos\\SaludDeUna\\salud-de-una-backend\\src\\auth\\auth.module.ts","statementMap":{"0":{"start":{"line":1,"column":0},"end":{"line":1,"column":40}},"1":{"start":{"line":2,"column":0},"end":{"line":2,"column":47}},"2":{"start":{"line":3,"column":0},"end":{"line":3,"column":40}},"3":{"start":{"line":4,"column":0},"end":{"line":4,"column":50}},"4":{"start":{"line":5,"column":0},"end":{"line":5,"column":50}},"5":{"start":{"line":6,"column":0},"end":{"line":6,"column":68}},"6":{"start":{"line":7,"column":0},"end":{"line":7,"column":72}},"7":{"start":{"line":8,"column":0},"end":{"line":8,"column":76}},"8":{"start":{"line":9,"column":0},"end":{"line":9,"column":51}},"9":{"start":{"line":10,"column":0},"end":{"line":10,"column":null}},"10":{"start":{"line":14,"column":0},"end":{"line":14,"column":45}},"11":{"start":{"line":15,"column":0},"end":{"line":15,"column":56}},"12":{"start":{"line":37,"column":7},"end":{"line":37,"column":null}},"13":{"start":{"line":37,"column":13},"end":{"line":37,"column":23}},"14":{"start":{"line":37,"column":13},"end":{"line":37,"column":null}},"15":{"start":{"line":22,"column":53},"end":{"line":24,"column":8}}},"fnMap":{"0":{"name":"(anonymous_1)","decl":{"start":{"line":22,"column":18},"end":{"line":22,"column":19}},"loc":{"start":{"line":22,"column":53},"end":{"line":24,"column":8}}}},"branchMap":{},"s":{"0":3,"1":3,"2":3,"3":3,"4":3,"5":3,"6":3,"7":3,"8":3,"9":3,"10":3,"11":3,"12":3,"13":3,"14":3,"15":0},"f":{"0":0},"b":{}}
,"C:\\Users\\jesjc\\OneDrive\\Documentos\\SaludDeUna\\salud-de-una-backend\\src\\auth\\auth.service.ts": {"path":"C:\\Users\\jesjc\\OneDrive\\Documentos\\SaludDeUna\\salud-de-una-backend\\src\\auth\\auth.service.ts","statementMap":{"0":{"start":{"line":1,"column":0},"end":{"line":1,"column":null}},"1":{"start":{"line":7,"column":0},"end":{"line":7,"column":37}},"2":{"start":{"line":8,"column":0},"end":{"line":8,"column":47}},"3":{"start":{"line":9,"column":0},"end":{"line":9,"column":41}},"4":{"start":{"line":10,"column":0},"end":{"line":10,"column":47}},"5":{"start":{"line":11,"column":0},"end":{"line":11,"column":33}},"6":{"start":{"line":13,"column":0},"end":{"line":13,"column":33}},"7":{"start":{"line":14,"column":0},"end":{"line":14,"column":70}},"8":{"start":{"line":15,"column":0},"end":{"line":15,"column":58}},"9":{"start":{"line":18,"column":0},"end":{"line":18,"column":74}},"10":{"start":{"line":21,"column":0},"end":{"line":21,"column":78}},"11":{"start":{"line":22,"column":0},"end":{"line":22,"column":null}},"12":{"start":{"line":52,"column":7},"end":{"line":609,"column":null}},"13":{"start":{"line":55,"column":21},"end":{"line":55,"column":35}},"14":{"start":{"line":57,"column":21},"end":{"line":57,"column":34}},"15":{"start":{"line":59,"column":21},"end":{"line":59,"column":33}},"16":{"start":{"line":61,"column":21},"end":{"line":61,"column":42}},"17":{"start":{"line":62,"column":21},"end":{"line":62,"column":33}},"18":{"start":{"line":63,"column":21},"end":{"line":63,"column":36}},"19":{"start":{"line":67,"column":4},"end":{"line":67,"column":50}},"20":{"start":{"line":69,"column":25},"end":{"line":69,"column":60}},"21":{"start":{"line":70,"column":20},"end":{"line":77,"column":6}},"22":{"start":{"line":79,"column":4},"end":{"line":86,"column":6}},"23":{"start":{"line":90,"column":4},"end":{"line":90,"column":50}},"24":{"start":{"line":92,"column":4},"end":{"line":94,"column":5}},"25":{"start":{"line":93,"column":6},"end":{"line":93,"column":68}},"26":{"start":{"line":96,"column":4},"end":{"line":96,"column":60}},"27":{"start":{"line":98,"column":25},"end":{"line":98,"column":60}},"28":{"start":{"line":100,"column":4},"end":{"line":119,"column":5}},"29":{"start":{"line":101,"column":6},"end":{"line":110,"column":9}},"30":{"start":{"line":112,"column":6},"end":{"line":114,"column":7}},"31":{"start":{"line":113,"column":8},"end":{"line":113,"column":73}},"32":{"start":{"line":115,"column":6},"end":{"line":117,"column":7}},"33":{"start":{"line":116,"column":8},"end":{"line":116,"column":68}},"34":{"start":{"line":118,"column":6},"end":{"line":118,"column":16}},"35":{"start":{"line":121,"column":4},"end":{"line":130,"column":6}},"36":{"start":{"line":134,"column":21},"end":{"line":134,"column":58}},"37":{"start":{"line":135,"column":22},"end":{"line":135,"column":75}},"38":{"start":{"line":136,"column":4},"end":{"line":136,"column":40}},"39":{"start":{"line":140,"column":21},"end":{"line":140,"column":56}},"40":{"start":{"line":141,"column":22},"end":{"line":141,"column":75}},"41":{"start":{"line":142,"column":4},"end":{"line":142,"column":40}},"42":{"start":{"line":146,"column":4},"end":{"line":148,"column":5}},"43":{"start":{"line":147,"column":6},"end":{"line":147,"column":63}},"44":{"start":{"line":150,"column":29},"end":{"line":151,"column":null}},"45":{"start":{"line":155,"column":4},"end":{"line":161,"column":5}},"46":{"start":{"line":156,"column":6},"end":{"line":158,"column":9}},"47":{"start":{"line":160,"column":6},"end":{"line":160,"column":75}},"48":{"start":{"line":163,"column":4},"end":{"line":165,"column":5}},"49":{"start":{"line":164,"column":6},"end":{"line":164,"column":64}},"50":{"start":{"line":167,"column":4},"end":{"line":169,"column":5}},"51":{"start":{"line":168,"column":6},"end":{"line":168,"column":68}},"52":{"start":{"line":171,"column":4},"end":{"line":171,"column":61}},"53":{"start":{"line":173,"column":21},"end":{"line":173,"column":75}},"54":{"start":{"line":174,"column":4},"end":{"line":176,"column":5}},"55":{"start":{"line":175,"column":6},"end":{"line":175,"column":63}},"56":{"start":{"line":178,"column":4},"end":{"line":178,"column":39}},"57":{"start":{"line":182,"column":4},"end":{"line":184,"column":5}},"58":{"start":{"line":183,"column":6},"end":{"line":183,"column":13}},"59":{"start":{"line":186,"column":29},"end":{"line":187,"column":null}},"60":{"start":{"line":190,"column":4},"end":{"line":205,"column":5}},"61":{"start":{"line":191,"column":22},"end":{"line":195,"column":null}},"62":{"start":{"line":198,"column":6},"end":{"line":200,"column":7}},"63":{"start":{"line":199,"column":8},"end":{"line":199,"column":15}},"64":{"start":{"line":202,"column":6},"end":{"line":202,"column":58}},"65":{"start":{"line":209,"column":4},"end":{"line":216,"column":6}},"66":{"start":{"line":223,"column":22},"end":{"line":223,"column":77}},"67":{"start":{"line":224,"column":29},"end":{"line":225,"column":null}},"68":{"start":{"line":227,"column":33},"end":{"line":228,"column":null}},"69":{"start":{"line":230,"column":34},"end":{"line":231,"column":null}},"70":{"start":{"line":234,"column":29},"end":{"line":234,"column":60}},"71":{"start":{"line":236,"column":32},"end":{"line":241,"column":6}},"72":{"start":{"line":243,"column":24},"end":{"line":246,"column":6}},"73":{"start":{"line":247,"column":25},"end":{"line":258,"column":null}},"74":{"start":{"line":261,"column":4},"end":{"line":261,"column":79}},"75":{"start":{"line":263,"column":4},"end":{"line":265,"column":5}},"76":{"start":{"line":264,"column":6},"end":{"line":264,"column":65}},"77":{"start":{"line":267,"column":4},"end":{"line":276,"column":6}},"78":{"start":{"line":283,"column":4},"end":{"line":285,"column":5}},"79":{"start":{"line":284,"column":6},"end":{"line":284,"column":64}},"80":{"start":{"line":287,"column":20},"end":{"line":287,"column":73}},"81":{"start":{"line":288,"column":4},"end":{"line":290,"column":5}},"82":{"start":{"line":289,"column":6},"end":{"line":289,"column":64}},"83":{"start":{"line":292,"column":4},"end":{"line":292,"column":20}},"84":{"start":{"line":300,"column":22},"end":{"line":300,"column":57}},"85":{"start":{"line":301,"column":36},"end":{"line":301,"column":72}},"86":{"start":{"line":302,"column":22},"end":{"line":304,"column":54}},"87":{"start":{"line":306,"column":4},"end":{"line":313,"column":7}},"88":{"start":{"line":315,"column":4},"end":{"line":315,"column":80}},"89":{"start":{"line":322,"column":27},"end":{"line":330,"column":13}},"90":{"start":{"line":332,"column":4},"end":{"line":336,"column":5}},"91":{"start":{"line":333,"column":6},"end":{"line":335,"column":8}},"92":{"start":{"line":338,"column":4},"end":{"line":341,"column":5}},"93":{"start":{"line":339,"column":6},"end":{"line":339,"column":72}},"94":{"start":{"line":340,"column":6},"end":{"line":340,"column":68}},"95":{"start":{"line":343,"column":25},"end":{"line":345,"column":null}},"96":{"start":{"line":347,"column":4},"end":{"line":349,"column":5}},"97":{"start":{"line":348,"column":6},"end":{"line":348,"column":80}},"98":{"start":{"line":353,"column":21},"end":{"line":369,"column":13}},"99":{"start":{"line":371,"column":4},"end":{"line":375,"column":5}},"100":{"start":{"line":372,"column":6},"end":{"line":374,"column":8}},"101":{"start":{"line":382,"column":4},"end":{"line":392,"column":14}},"102":{"start":{"line":401,"column":6},"end":{"line":401,"column":73}},"103":{"start":{"line":403,"column":27},"end":{"line":412,"column":13}},"104":{"start":{"line":414,"column":4},"end":{"line":416,"column":5}},"105":{"start":{"line":415,"column":6},"end":{"line":415,"column":13}},"106":{"start":{"line":418,"column":29},"end":{"line":421,"column":42}},"107":{"start":{"line":419,"column":27},"end":{"line":419,"column":62}},"108":{"start":{"line":421,"column":24},"end":{"line":421,"column":41}},"109":{"start":{"line":423,"column":4},"end":{"line":425,"column":5}},"110":{"start":{"line":424,"column":6},"end":{"line":424,"column":13}},"111":{"start":{"line":427,"column":4},"end":{"line":440,"column":14}},"112":{"start":{"line":444,"column":4},"end":{"line":446,"column":5}},"113":{"start":{"line":445,"column":6},"end":{"line":445,"column":19}},"114":{"start":{"line":448,"column":22},"end":{"line":448,"column":56}},"115":{"start":{"line":449,"column":4},"end":{"line":449,"column":45}},"116":{"start":{"line":453,"column":4},"end":{"line":465,"column":5}},"117":{"start":{"line":459,"column":26},"end":{"line":459,"column":68}},"118":{"start":{"line":460,"column":6},"end":{"line":464,"column":8}},"119":{"start":{"line":466,"column":4},"end":{"line":466,"column":17}},"120":{"start":{"line":470,"column":23},"end":{"line":470,"column":49}},"121":{"start":{"line":471,"column":37},"end":{"line":475,"column":6}},"122":{"start":{"line":477,"column":4},"end":{"line":479,"column":5}},"123":{"start":{"line":478,"column":6},"end":{"line":478,"column":66}},"124":{"start":{"line":485,"column":23},"end":{"line":485,"column":40}},"125":{"start":{"line":487,"column":4},"end":{"line":489,"column":5}},"126":{"start":{"line":488,"column":6},"end":{"line":488,"column":75}},"127":{"start":{"line":491,"column":21},"end":{"line":494,"column":13}},"128":{"start":{"line":496,"column":4},"end":{"line":498,"column":5}},"129":{"start":{"line":497,"column":6},"end":{"line":497,"column":71}},"130":{"start":{"line":502,"column":23},"end":{"line":502,"column":49}},"131":{"start":{"line":504,"column":20},"end":{"line":507,"column":13}},"132":{"start":{"line":509,"column":4},"end":{"line":516,"column":5}},"133":{"start":{"line":510,"column":6},"end":{"line":515,"column":8}},"134":{"start":{"line":518,"column":4},"end":{"line":518,"column":16}},"135":{"start":{"line":522,"column":23},"end":{"line":522,"column":49}},"136":{"start":{"line":524,"column":19},"end":{"line":527,"column":13}},"137":{"start":{"line":528,"column":4},"end":{"line":535,"column":5}},"138":{"start":{"line":529,"column":6},"end":{"line":534,"column":8}},"139":{"start":{"line":537,"column":18},"end":{"line":540,"column":13}},"140":{"start":{"line":541,"column":4},"end":{"line":548,"column":5}},"141":{"start":{"line":542,"column":6},"end":{"line":547,"column":8}},"142":{"start":{"line":550,"column":4},"end":{"line":550,"column":16}},"143":{"start":{"line":557,"column":4},"end":{"line":573,"column":5}},"144":{"start":{"line":558,"column":22},"end":{"line":562,"column":15}},"145":{"start":{"line":564,"column":6},"end":{"line":566,"column":7}},"146":{"start":{"line":565,"column":8},"end":{"line":565,"column":20}},"147":{"start":{"line":568,"column":6},"end":{"line":572,"column":8}},"148":{"start":{"line":575,"column":4},"end":{"line":591,"column":5}},"149":{"start":{"line":576,"column":21},"end":{"line":580,"column":15}},"150":{"start":{"line":582,"column":6},"end":{"line":584,"column":7}},"151":{"start":{"line":583,"column":8},"end":{"line":583,"column":20}},"152":{"start":{"line":586,"column":6},"end":{"line":590,"column":8}},"153":{"start":{"line":593,"column":18},"end":{"line":597,"column":13}},"154":{"start":{"line":599,"column":4},"end":{"line":601,"column":5}},"155":{"start":{"line":600,"column":6},"end":{"line":600,"column":18}},"156":{"start":{"line":603,"column":4},"end":{"line":607,"column":6}},"157":{"start":{"line":52,"column":13},"end":{"line":52,"column":24}},"158":{"start":{"line":52,"column":13},"end":{"line":609,"column":null}}},"fnMap":{"0":{"name":"(anonymous_13)","decl":{"start":{"line":53,"column":2},"end":{"line":53,"column":null}},"loc":{"start":{"line":63,"column":49},"end":{"line":64,"column":6}}},"1":{"name":"(anonymous_14)","decl":{"start":{"line":66,"column":2},"end":{"line":66,"column":7}},"loc":{"start":{"line":66,"column":47},"end":{"line":87,"column":3}}},"2":{"name":"(anonymous_15)","decl":{"start":{"line":89,"column":2},"end":{"line":89,"column":7}},"loc":{"start":{"line":89,"column":45},"end":{"line":131,"column":3}}},"3":{"name":"(anonymous_16)","decl":{"start":{"line":133,"column":2},"end":{"line":133,"column":7}},"loc":{"start":{"line":133,"column":52},"end":{"line":137,"column":3}}},"4":{"name":"(anonymous_17)","decl":{"start":{"line":139,"column":2},"end":{"line":139,"column":7}},"loc":{"start":{"line":139,"column":50},"end":{"line":143,"column":3}}},"5":{"name":"(anonymous_18)","decl":{"start":{"line":145,"column":2},"end":{"line":145,"column":7}},"loc":{"start":{"line":145,"column":43},"end":{"line":179,"column":3}}},"6":{"name":"(anonymous_19)","decl":{"start":{"line":181,"column":2},"end":{"line":181,"column":7}},"loc":{"start":{"line":181,"column":50},"end":{"line":206,"column":3}}},"7":{"name":"(anonymous_20)","decl":{"start":{"line":208,"column":2},"end":{"line":208,"column":4}},"loc":{"start":{"line":208,"column":22},"end":{"line":217,"column":3}}},"8":{"name":"(anonymous_21)","decl":{"start":{"line":219,"column":10},"end":{"line":219,"column":15}},"loc":{"start":{"line":221,"column":30},"end":{"line":277,"column":3}}},"9":{"name":"(anonymous_22)","decl":{"start":{"line":279,"column":10},"end":{"line":279,"column":15}},"loc":{"start":{"line":281,"column":20},"end":{"line":293,"column":3}}},"10":{"name":"(anonymous_23)","decl":{"start":{"line":295,"column":10},"end":{"line":295,"column":15}},"loc":{"start":{"line":298,"column":24},"end":{"line":316,"column":3}}},"11":{"name":"(anonymous_24)","decl":{"start":{"line":318,"column":10},"end":{"line":318,"column":15}},"loc":{"start":{"line":320,"column":24},"end":{"line":376,"column":3}}},"12":{"name":"(anonymous_25)","decl":{"start":{"line":378,"column":10},"end":{"line":378,"column":15}},"loc":{"start":{"line":380,"column":18},"end":{"line":393,"column":3}}},"13":{"name":"(anonymous_26)","decl":{"start":{"line":395,"column":10},"end":{"line":395,"column":15}},"loc":{"start":{"line":398,"column":25},"end":{"line":441,"column":3}}},"14":{"name":"(anonymous_27)","decl":{"start":{"line":419,"column":14},"end":{"line":419,"column":15}},"loc":{"start":{"line":419,"column":27},"end":{"line":419,"column":62}}},"15":{"name":"(anonymous_28)","decl":{"start":{"line":421,"column":11},"end":{"line":421,"column":12}},"loc":{"start":{"line":421,"column":24},"end":{"line":421,"column":41}}},"16":{"name":"(anonymous_29)","decl":{"start":{"line":443,"column":10},"end":{"line":443,"column":25}},"loc":{"start":{"line":443,"column":42},"end":{"line":450,"column":3}}},"17":{"name":"(anonymous_30)","decl":{"start":{"line":452,"column":10},"end":{"line":452,"column":29}},"loc":{"start":{"line":452,"column":57},"end":{"line":467,"column":3}}},"18":{"name":"(anonymous_31)","decl":{"start":{"line":469,"column":10},"end":{"line":469,"column":15}},"loc":{"start":{"line":469,"column":53},"end":{"line":480,"column":3}}},"19":{"name":"(anonymous_32)","decl":{"start":{"line":482,"column":10},"end":{"line":482,"column":15}},"loc":{"start":{"line":483,"column":22},"end":{"line":499,"column":3}}},"20":{"name":"(anonymous_33)","decl":{"start":{"line":501,"column":10},"end":{"line":501,"column":15}},"loc":{"start":{"line":501,"column":49},"end":{"line":519,"column":3}}},"21":{"name":"(anonymous_34)","decl":{"start":{"line":521,"column":10},"end":{"line":521,"column":15}},"loc":{"start":{"line":521,"column":47},"end":{"line":551,"column":3}}},"22":{"name":"(anonymous_35)","decl":{"start":{"line":553,"column":10},"end":{"line":553,"column":15}},"loc":{"start":{"line":555,"column":18},"end":{"line":608,"column":3}}}},"branchMap":{"0":{"loc":{"start":{"line":75,"column":17},"end":{"line":75,"column":63}},"type":"cond-expr","locations":[{"start":{"line":75,"column":33},"end":{"line":75,"column":56}},{"start":{"line":75,"column":59},"end":{"line":75,"column":63}}]},"1":{"loc":{"start":{"line":85,"column":17},"end":{"line":85,"column":48}},"type":"binary-expr","locations":[{"start":{"line":85,"column":17},"end":{"line":85,"column":34}},{"start":{"line":85,"column":38},"end":{"line":85,"column":48}}]},"2":{"loc":{"start":{"line":92,"column":4},"end":{"line":94,"column":5}},"type":"if","locations":[{"start":{"line":92,"column":4},"end":{"line":94,"column":5}},{"start":{},"end":{}}]},"3":{"loc":{"start":{"line":92,"column":8},"end":{"line":92,"column":49}},"type":"binary-expr","locations":[{"start":{"line":92,"column":8},"end":{"line":92,"column":23}},{"start":{"line":92,"column":27},"end":{"line":92,"column":49}}]},"4":{"loc":{"start":{"line":112,"column":6},"end":{"line":114,"column":7}},"type":"if","locations":[{"start":{"line":112,"column":6},"end":{"line":114,"column":7}},{"start":{},"end":{}}]},"5":{"loc":{"start":{"line":115,"column":6},"end":{"line":117,"column":7}},"type":"if","locations":[{"start":{"line":115,"column":6},"end":{"line":117,"column":7}},{"start":{},"end":{}}]},"6":{"loc":{"start":{"line":129,"column":17},"end":{"line":129,"column":47}},"type":"binary-expr","locations":[{"start":{"line":129,"column":17},"end":{"line":129,"column":33}},{"start":{"line":129,"column":37},"end":{"line":129,"column":47}}]},"7":{"loc":{"start":{"line":146,"column":4},"end":{"line":148,"column":5}},"type":"if","locations":[{"start":{"line":146,"column":4},"end":{"line":148,"column":5}},{"start":{},"end":{}}]},"8":{"loc":{"start":{"line":163,"column":4},"end":{"line":165,"column":5}},"type":"if","locations":[{"start":{"line":163,"column":4},"end":{"line":165,"column":5}},{"start":{},"end":{}}]},"9":{"loc":{"start":{"line":167,"column":4},"end":{"line":169,"column":5}},"type":"if","locations":[{"start":{"line":167,"column":4},"end":{"line":169,"column":5}},{"start":{},"end":{}}]},"10":{"loc":{"start":{"line":174,"column":4},"end":{"line":176,"column":5}},"type":"if","locations":[{"start":{"line":174,"column":4},"end":{"line":176,"column":5}},{"start":{},"end":{}}]},"11":{"loc":{"start":{"line":182,"column":4},"end":{"line":184,"column":5}},"type":"if","locations":[{"start":{"line":182,"column":4},"end":{"line":184,"column":5}},{"start":{},"end":{}}]},"12":{"loc":{"start":{"line":198,"column":6},"end":{"line":200,"column":7}},"type":"if","locations":[{"start":{"line":198,"column":6},"end":{"line":200,"column":7}},{"start":{},"end":{}}]},"13":{"loc":{"start":{"line":263,"column":4},"end":{"line":265,"column":5}},"type":"if","locations":[{"start":{"line":263,"column":4},"end":{"line":265,"column":5}},{"start":{},"end":{}}]},"14":{"loc":{"start":{"line":283,"column":4},"end":{"line":285,"column":5}},"type":"if","locations":[{"start":{"line":283,"column":4},"end":{"line":285,"column":5}},{"start":{},"end":{}}]},"15":{"loc":{"start":{"line":288,"column":4},"end":{"line":290,"column":5}},"type":"if","locations":[{"start":{"line":288,"column":4},"end":{"line":290,"column":5}},{"start":{},"end":{}}]},"16":{"loc":{"start":{"line":302,"column":22},"end":{"line":304,"column":54}},"type":"cond-expr","locations":[{"start":{"line":303,"column":8},"end":{"line":303,"column":43}},{"start":{"line":304,"column":8},"end":{"line":304,"column":54}}]},"17":{"loc":{"start":{"line":332,"column":4},"end":{"line":336,"column":5}},"type":"if","locations":[{"start":{"line":332,"column":4},"end":{"line":336,"column":5}},{"start":{},"end":{}}]},"18":{"loc":{"start":{"line":338,"column":4},"end":{"line":341,"column":5}},"type":"if","locations":[{"start":{"line":338,"column":4},"end":{"line":341,"column":5}},{"start":{},"end":{}}]},"19":{"loc":{"start":{"line":347,"column":4},"end":{"line":349,"column":5}},"type":"if","locations":[{"start":{"line":347,"column":4},"end":{"line":349,"column":5}},{"start":{},"end":{}}]},"20":{"loc":{"start":{"line":371,"column":4},"end":{"line":375,"column":5}},"type":"if","locations":[{"start":{"line":371,"column":4},"end":{"line":375,"column":5}},{"start":{},"end":{}}]},"21":{"loc":{"start":{"line":401,"column":6},"end":{"line":401,"column":73}},"type":"binary-expr","locations":[{"start":{"line":401,"column":6},"end":{"line":401,"column":68}},{"start":{"line":401,"column":72},"end":{"line":401,"column":73}}]},"22":{"loc":{"start":{"line":414,"column":4},"end":{"line":416,"column":5}},"type":"if","locations":[{"start":{"line":414,"column":4},"end":{"line":416,"column":5}},{"start":{},"end":{}}]},"23":{"loc":{"start":{"line":423,"column":4},"end":{"line":425,"column":5}},"type":"if","locations":[{"start":{"line":423,"column":4},"end":{"line":425,"column":5}},{"start":{},"end":{}}]},"24":{"loc":{"start":{"line":444,"column":4},"end":{"line":446,"column":5}},"type":"if","locations":[{"start":{"line":444,"column":4},"end":{"line":446,"column":5}},{"start":{},"end":{}}]},"25":{"loc":{"start":{"line":444,"column":8},"end":{"line":444,"column":47}},"type":"binary-expr","locations":[{"start":{"line":444,"column":8},"end":{"line":444,"column":16}},{"start":{"line":444,"column":20},"end":{"line":444,"column":47}}]},"26":{"loc":{"start":{"line":453,"column":4},"end":{"line":465,"column":5}},"type":"if","locations":[{"start":{"line":453,"column":4},"end":{"line":465,"column":5}},{"start":{},"end":{}}]},"27":{"loc":{"start":{"line":454,"column":6},"end":{"line":457,"column":53}},"type":"binary-expr","locations":[{"start":{"line":454,"column":6},"end":{"line":454,"column":29}},{"start":{"line":455,"column":6},"end":{"line":455,"column":18}},{"start":{"line":456,"column":6},"end":{"line":456,"column":19}},{"start":{"line":457,"column":7},"end":{"line":457,"column":53}}]},"28":{"loc":{"start":{"line":461,"column":8},"end":{"line":463,"column":56}},"type":"binary-expr","locations":[{"start":{"line":461,"column":8},"end":{"line":461,"column":38}},{"start":{"line":462,"column":8},"end":{"line":462,"column":27}},{"start":{"line":463,"column":8},"end":{"line":463,"column":56}}]},"29":{"loc":{"start":{"line":477,"column":4},"end":{"line":479,"column":5}},"type":"if","locations":[{"start":{"line":477,"column":4},"end":{"line":479,"column":5}},{"start":{},"end":{}}]},"30":{"loc":{"start":{"line":477,"column":8},"end":{"line":477,"column":34}},"type":"binary-expr","locations":[{"start":{"line":477,"column":8},"end":{"line":477,"column":15}},{"start":{"line":477,"column":19},"end":{"line":477,"column":25}},{"start":{"line":477,"column":29},"end":{"line":477,"column":34}}]},"31":{"loc":{"start":{"line":487,"column":4},"end":{"line":489,"column":5}},"type":"if","locations":[{"start":{"line":487,"column":4},"end":{"line":489,"column":5}},{"start":{},"end":{}}]},"32":{"loc":{"start":{"line":496,"column":4},"end":{"line":498,"column":5}},"type":"if","locations":[{"start":{"line":496,"column":4},"end":{"line":498,"column":5}},{"start":{},"end":{}}]},"33":{"loc":{"start":{"line":509,"column":4},"end":{"line":516,"column":5}},"type":"if","locations":[{"start":{"line":509,"column":4},"end":{"line":516,"column":5}},{"start":{},"end":{}}]},"34":{"loc":{"start":{"line":528,"column":4},"end":{"line":535,"column":5}},"type":"if","locations":[{"start":{"line":528,"column":4},"end":{"line":535,"column":5}},{"start":{},"end":{}}]},"35":{"loc":{"start":{"line":541,"column":4},"end":{"line":548,"column":5}},"type":"if","locations":[{"start":{"line":541,"column":4},"end":{"line":548,"column":5}},{"start":{},"end":{}}]},"36":{"loc":{"start":{"line":557,"column":4},"end":{"line":573,"column":5}},"type":"if","locations":[{"start":{"line":557,"column":4},"end":{"line":573,"column":5}},{"start":{},"end":{}}]},"37":{"loc":{"start":{"line":564,"column":6},"end":{"line":566,"column":7}},"type":"if","locations":[{"start":{"line":564,"column":6},"end":{"line":566,"column":7}},{"start":{},"end":{}}]},"38":{"loc":{"start":{"line":564,"column":10},"end":{"line":564,"column":39}},"type":"binary-expr","locations":[{"start":{"line":564,"column":10},"end":{"line":564,"column":18}},{"start":{"line":564,"column":22},"end":{"line":564,"column":39}}]},"39":{"loc":{"start":{"line":575,"column":4},"end":{"line":591,"column":5}},"type":"if","locations":[{"start":{"line":575,"column":4},"end":{"line":591,"column":5}},{"start":{},"end":{}}]},"40":{"loc":{"start":{"line":582,"column":6},"end":{"line":584,"column":7}},"type":"if","locations":[{"start":{"line":582,"column":6},"end":{"line":584,"column":7}},{"start":{},"end":{}}]},"41":{"loc":{"start":{"line":582,"column":10},"end":{"line":582,"column":37}},"type":"binary-expr","locations":[{"start":{"line":582,"column":10},"end":{"line":582,"column":17}},{"start":{"line":582,"column":21},"end":{"line":582,"column":37}}]},"42":{"loc":{"start":{"line":599,"column":4},"end":{"line":601,"column":5}},"type":"if","locations":[{"start":{"line":599,"column":4},"end":{"line":601,"column":5}},{"start":{},"end":{}}]},"43":{"loc":{"start":{"line":599,"column":8},"end":{"line":599,"column":33}},"type":"binary-expr","locations":[{"start":{"line":599,"column":8},"end":{"line":599,"column":14}},{"start":{"line":599,"column":18},"end":{"line":599,"column":33}}]},"44":{"loc":{"start":{"line":55,"column":35},"end":{"line":55,"column":57}},"type":"cond-expr","locations":[{"start":{"line":55,"column":40},"end":{"line":55,"column":57}},{"start":{"line":55,"column":40},"end":{"line":55,"column":57}}]},"45":{"loc":{"start":{"line":55,"column":35},"end":{"line":55,"column":40}},"type":"binary-expr","locations":[{"start":{"line":55,"column":35},"end":{"line":55,"column":57}},{"start":{"line":55,"column":35},"end":{"line":55,"column":40}}]},"46":{"loc":{"start":{"line":55,"column":40},"end":{"line":57,"column":55}},"type":"cond-expr","locations":[{"start":{"line":57,"column":39},"end":{"line":57,"column":55}},{"start":{"line":57,"column":39},"end":{"line":57,"column":55}}]},"47":{"loc":{"start":{"line":55,"column":40},"end":{"line":57,"column":39}},"type":"binary-expr","locations":[{"start":{"line":55,"column":40},"end":{"line":57,"column":55}},{"start":{"line":57,"column":34},"end":{"line":57,"column":39}}]},"48":{"loc":{"start":{"line":57,"column":39},"end":{"line":59,"column":53}},"type":"cond-expr","locations":[{"start":{"line":59,"column":38},"end":{"line":59,"column":53}},{"start":{"line":59,"column":38},"end":{"line":59,"column":53}}]},"49":{"loc":{"start":{"line":57,"column":39},"end":{"line":59,"column":38}},"type":"binary-expr","locations":[{"start":{"line":57,"column":39},"end":{"line":59,"column":53}},{"start":{"line":59,"column":33},"end":{"line":59,"column":38}}]},"50":{"loc":{"start":{"line":59,"column":38},"end":{"line":61,"column":71}},"type":"cond-expr","locations":[{"start":{"line":61,"column":47},"end":{"line":61,"column":71}},{"start":{"line":61,"column":47},"end":{"line":61,"column":71}}]},"51":{"loc":{"start":{"line":59,"column":38},"end":{"line":61,"column":47}},"type":"binary-expr","locations":[{"start":{"line":59,"column":38},"end":{"line":61,"column":71}},{"start":{"line":61,"column":42},"end":{"line":61,"column":47}}]},"52":{"loc":{"start":{"line":61,"column":47},"end":{"line":62,"column":null}},"type":"cond-expr","locations":[{"start":{"line":62,"column":43},"end":{"line":62,"column":null}},{"start":{"line":62,"column":43},"end":{"line":62,"column":null}}]},"53":{"loc":{"start":{"line":61,"column":47},"end":{"line":62,"column":43}}
[...]
mn":46}},"8":{"start":{"line":22,"column":19},"end":{"line":26,"column":13}},"9":{"start":{"line":28,"column":4},"end":{"line":30,"column":5}},"10":{"start":{"line":29,"column":6},"end":{"line":29,"column":58}},"11":{"start":{"line":32,"column":25},"end":{"line":39,"column":13}},"12":{"start":{"line":41,"column":4},"end":{"line":64,"column":6}},"13":{"start":{"line":13,"column":13},"end":{"line":13,"column":27}},"14":{"start":{"line":13,"column":13},"end":{"line":66,"column":null}}},"fnMap":{"0":{"name":"(anonymous_4)","decl":{"start":{"line":14,"column":2},"end":{"line":14,"column":null}},"loc":{"start":{"line":18,"column":79},"end":{"line":19,"column":6}}},"1":{"name":"(anonymous_5)","decl":{"start":{"line":21,"column":2},"end":{"line":21,"column":7}},"loc":{"start":{"line":21,"column":31},"end":{"line":65,"column":3}}}},"branchMap":{"0":{"loc":{"start":{"line":28,"column":4},"end":{"line":30,"column":5}},"type":"if","locations":[{"start":{"line":28,"column":4},"end":{"line":30,"column":5}},{"start":{},"end":{}}]},"1":{"loc":{"start":{"line":49,"column":20},"end":{"line":63,"column":14}},"type":"cond-expr","locations":[{"start":{"line":50,"column":10},"end":{"line":62,"column":null}},{"start":{"line":63,"column":10},"end":{"line":63,"column":14}}]},"2":{"loc":{"start":{"line":16,"column":34},"end":{"line":16,"column":55}},"type":"cond-expr","locations":[{"start":{"line":16,"column":39},"end":{"line":16,"column":55}},{"start":{"line":16,"column":39},"end":{"line":16,"column":55}}]},"3":{"loc":{"start":{"line":16,"column":34},"end":{"line":16,"column":39}},"type":"binary-expr","locations":[{"start":{"line":16,"column":34},"end":{"line":16,"column":55}},{"start":{"line":16,"column":34},"end":{"line":16,"column":39}}]},"4":{"loc":{"start":{"line":16,"column":39},"end":{"line":18,"column":79}},"type":"cond-expr","locations":[{"start":{"line":18,"column":51},"end":{"line":18,"column":79}},{"start":{"line":18,"column":51},"end":{"line":18,"column":79}}]},"5":{"loc":{"start":{"line":16,"column":39},"end":{"line":18,"column":51}},"type":"binary-expr","locations":[{"start":{"line":16,"column":39},"end":{"line":18,"column":79}},{"start":{"line":18,"column":46},"end":{"line":18,"column":51}}]}},"s":{"0":5,"1":5,"2":5,"3":5,"4":5,"5":5,"6":4,"7":4,"8":4,"9":4,"10":1,"11":3,"12":3,"13":5,"14":5},"f":{"0":4,"1":4},"b":{"0":[1,3],"1":[2,1],"2":[5,0],"3":[5,5],"4":[5,0],"5":[5,5]}}
,"C:\\Users\\jesjc\\OneDrive\\Documentos\\SaludDeUna\\salud-de-una-backend\\src\\notifications\\notifications.controller.ts": {"path":"C:\\Users\\jesjc\\OneDrive\\Documentos\\SaludDeUna\\salud-de-una-backend\\src\\notifications\\notifications.controller.ts","statementMap":{"0":{"start":{"line":1,"column":0},"end":{"line":1,"column":75}},"1":{"start":{"line":3,"column":0},"end":{"line":3,"column":68}},"2":{"start":{"line":4,"column":0},"end":{"line":4,"column":63}},"3":{"start":{"line":7,"column":7},"end":{"line":31,"column":null}},"4":{"start":{"line":8,"column":31},"end":{"line":8,"column":53}},"5":{"start":{"line":12,"column":4},"end":{"line":16,"column":6}},"6":{"start":{"line":24,"column":4},"end":{"line":24,"column":75}},"7":{"start":{"line":29,"column":4},"end":{"line":29,"column":62}},"8":{"start":{"line":7,"column":13},"end":{"line":7,"column":36}},"9":{"start":{"line":11,"column":2},"end":{"line":17,"column":null}},"10":{"start":{"line":20,"column":2},"end":{"line":25,"column":null}},"11":{"start":{"line":28,"column":2},"end":{"line":30,"column":null}},"12":{"start":{"line":7,"column":13},"end":{"line":31,"column":null}}},"fnMap":{"0":{"name":"(anonymous_4)","decl":{"start":{"line":8,"column":2},"end":{"line":8,"column":31}},"loc":{"start":{"line":8,"column":73},"end":{"line":8,"column":77}}},"1":{"name":"(anonymous_5)","decl":{"start":{"line":11,"column":2},"end":{"line":11,"column":9}},"loc":{"start":{"line":11,"column":74},"end":{"line":17,"column":3}}},"2":{"name":"(anonymous_6)","decl":{"start":{"line":20,"column":2},"end":{"line":20,"column":12}},"loc":{"start":{"line":22,"column":51},"end":{"line":25,"column":3}}},"3":{"name":"(anonymous_7)","decl":{"start":{"line":28,"column":2},"end":{"line":28,"column":15}},"loc":{"start":{"line":28,"column":42},"end":{"line":30,"column":3}}}},"branchMap":{"0":{"loc":{"start":{"line":14,"column":6},"end":{"line":14,"column":31}},"type":"binary-expr","locations":[{"start":{"line":14,"column":6},"end":{"line":14,"column":22}},{"start":{"line":14,"column":26},"end":{"line":14,"column":31}}]},"1":{"loc":{"start":{"line":15,"column":6},"end":{"line":15,"column":23}},"type":"binary-expr","locations":[{"start":{"line":15,"column":6},"end":{"line":15,"column":17}},{"start":{"line":15,"column":21},"end":{"line":15,"column":23}}]},"2":{"loc":{"start":{"line":11,"column":54},"end":{"line":11,"column":null}},"type":"cond-expr","locations":[{"start":{"line":11,"column":74},"end":{"line":11,"column":null}},{"start":{"line":11,"column":74},"end":{"line":11,"column":null}}]},"3":{"loc":{"start":{"line":11,"column":54},"end":{"line":11,"column":74}},"type":"binary-expr","locations":[{"start":{"line":11,"column":54},"end":{"line":11,"column":null}},{"start":{"line":11,"column":54},"end":{"line":11,"column":74}}]},"4":{"loc":{"start":{"line":8,"column":53},"end":{"line":8,"column":76}},"type":"cond-expr","locations":[{"start":{"line":8,"column":73},"end":{"line":8,"column":76}},{"start":{"line":8,"column":73},"end":{"line":8,"column":76}}]},"5":{"loc":{"start":{"line":8,"column":53},"end":{"line":8,"column":73}},"type":"binary-expr","locations":[{"start":{"line":8,"column":53},"end":{"line":8,"column":76}},{"start":{"line":8,"column":53},"end":{"line":8,"column":73}}]}},"s":{"0":4,"1":4,"2":4,"3":4,"4":4,"5":2,"6":1,"7":1,"8":4,"9":4,"10":4,"11":4,"12":4},"f":{"0":4,"1":2,"2":1,"3":1},"b":{"0":[2,1],"1":[2,1],"2":[4,0],"3":[4,4],"4":[4,0],"5":[4,4]}}
,"C:\\Users\\jesjc\\OneDrive\\Documentos\\SaludDeUna\\salud-de-una-backend\\src\\notifications\\notifications.module.ts": {"path":"C:\\Users\\jesjc\\OneDrive\\Documentos\\SaludDeUna\\salud-de-una-backend\\src\\notifications\\notifications.module.ts","statementMap":{"0":{"start":{"line":1,"column":0},"end":{"line":1,"column":40}},"1":{"start":{"line":2,"column":0},"end":{"line":2,"column":50}},"2":{"start":{"line":3,"column":0},"end":{"line":3,"column":null}},"3":{"start":{"line":7,"column":0},"end":{"line":7,"column":69}},"4":{"start":{"line":8,"column":0},"end":{"line":8,"column":63}},"5":{"start":{"line":20,"column":7},"end":{"line":20,"column":null}},"6":{"start":{"line":20,"column":13},"end":{"line":20,"column":32}},"7":{"start":{"line":20,"column":13},"end":{"line":20,"column":null}}},"fnMap":{},"branchMap":{},"s":{"0":3,"1":3,"2":3,"3":3,"4":3,"5":3,"6":3,"7":3},"f":{},"b":{}}
,"C:\\Users\\jesjc\\OneDrive\\Documentos\\SaludDeUna\\salud-de-una-backend\\src\\notifications\\notifications.service.ts": {"path":"C:\\Users\\jesjc\\OneDrive\\Documentos\\SaludDeUna\\salud-de-una-backend\\src\\notifications\\notifications.service.ts","statementMap":{"0":{"start":{"line":1,"column":0},"end":{"line":1,"column":71}},"1":{"start":{"line":2,"column":0},"end":{"line":2,"column":47}},"2":{"start":{"line":3,"column":0},"end":{"line":3,"column":55}},"3":{"start":{"line":5,"column":0},"end":{"line":5,"column":null}},"4":{"start":{"line":11,"column":33},"end":{"line":133,"column":null}},"5":{"start":{"line":12,"column":28},"end":{"line":12,"column":65}},"6":{"start":{"line":16,"column":21},"end":{"line":16,"column":40}},"7":{"start":{"line":25,"column":4},"end":{"line":38,"column":6}},"8":{"start":{"line":39,"column":4},"end":{"line":39,"column":58}},"9":{"start":{"line":43,"column":27},"end":{"line":43,"column":60}},"10":{"start":{"line":44,"column":18},"end":{"line":47,"column":6}},"11":{"start":{"line":49,"column":33},"end":{"line":62,"column":6}},"12":{"start":{"line":64,"column":4},"end":{"line":75,"column":6}},"13":{"start":{"line":65,"column":42},"end":{"line":73,"column":8}},"14":{"start":{"line":79,"column":4},"end":{"line":81,"column":5}},"15":{"start":{"line":80,"column":6},"end":{"line":80,"column":64}},"16":{"start":{"line":83,"column":25},"end":{"line":98,"column":13}},"17":{"start":{"line":100,"column":4},"end":{"line":102,"column":5}},"18":{"start":{"line":101,"column":6},"end":{"line":101,"column":64}},"19":{"start":{"line":104,"column":4},"end":{"line":108,"column":6}},"20":{"start":{"line":112,"column":16},"end":{"line":112,"column":26}},"21":{"start":{"line":113,"column":19},"end":{"line":126,"column":13}},"22":{"start":{"line":128,"column":4},"end":{"line":131,"column":6}},"23":{"start":{"line":11,"column":13},"end":{"line":11,"column":33}},"24":{"start":{"line":11,"column":13},"end":{"line":133,"column":null}}},"fnMap":{"0":{"name":"(anonymous_4)","decl":{"start":{"line":14,"column":2},"end":{"line":14,"column":null}},"loc":{"start":{"line":16,"column":67},"end":{"line":17,"column":6}}},"1":{"name":"(anonymous_5)","decl":{"start":{"line":19,"column":2},"end":{"line":19,"column":7}},"loc":{"start":{"line":23,"column":27},"end":{"line":40,"column":3}}},"2":{"name":"(anonymous_6)","decl":{"start":{"line":42,"column":2},"end":{"line":42,"column":7}},"loc":{"start":{"line":42,"column":65},"end":{"line":76,"column":3}}},"3":{"name":"(anonymous_7)","decl":{"start":{"line":65,"column":23},"end":{"line":65,"column":24}},"loc":{"start":{"line":65,"column":42},"end":{"line":73,"column":8}}},"4":{"name":"(anonymous_8)","decl":{"start":{"line":78,"column":2},"end":{"line":78,"column":7}},"loc":{"start":{"line":78,"column":60},"end":{"line":109,"column":3}}},"5":{"name":"(anonymous_9)","decl":{"start":{"line":111,"column":2},"end":{"line":111,"column":7}},"loc":{"start":{"line":111,"column":39},"end":{"line":132,"column":3}}}},"branchMap":{"0":{"loc":{"start":{"line":31,"column":19},"end":{"line":33,"column":64}},"type":"cond-expr","locations":[{"start":{"line":32,"column":14},"end":{"line":32,"column":80}},{"start":{"line":33,"column":14},"end":{"line":33,"column":64}}]},"1":{"loc":{"start":{"line":42,"column":35},"end":{"line":42,"column":53}},"type":"default-arg","locations":[{"start":{"line":42,"column":48},"end":{"line":42,"column":53}}]},"2":{"loc":{"start":{"line":42,"column":55},"end":{"line":42,"column":65}},"type":"default-arg","locations":[{"start":{"line":42,"column":63},"end":{"line":42,"column":65}}]},"3":{"loc":{"start":{"line":46,"column":10},"end":{"line":46,"column":43}},"type":"cond-expr","locations":[{"start":{"line":46,"column":23},"end":{"line":46,"column":38}},{"start":{"line":46,"column":41},"end":{"line":46,"column":43}}]},"4":{"loc":{"start":{"line":71,"column":16},"end":{"line":71,"column":43}},"type":"binary-expr","locations":[{"start":{"line":71,"column":16},"end":{"line":71,"column":35}},{"start":{"line":71,"column":39},"end":{"line":71,"column":43}}]},"5":{"loc":{"start":{"line":72,"column":19},"end":{"line":72,"column":49}},"type":"binary-expr","locations":[{"start":{"line":72,"column":19},"end":{"line":72,"column":41}},{"start":{"line":72,"column":45},"end":{"line":72,"column":49}}]},"6":{"loc":{"start":{"line":79,"column":4},"end":{"line":81,"column":5}},"type":"if","locations":[{"start":{"line":79,"column":4},"end":{"line":81,"column":5}},{"start":{},"end":{}}]},"7":{"loc":{"start":{"line":100,"column":4},"end":{"line":102,"column":5}},"type":"if","locations":[{"start":{"line":100,"column":4},"end":{"line":102,"column":5}},{"start":{},"end":{}}]},"8":{"loc":{"start":{"line":107,"column":14},"end":{"line":107,"column":41}},"type":"binary-expr","locations":[{"start":{"line":107,"column":14},"end":{"line":107,"column":33}},{"start":{"line":107,"column":37},"end":{"line":107,"column":41}}]},"9":{"loc":{"start":{"line":16,"column":40},"end":{"line":16,"column":67}},"type":"cond-expr","locations":[{"start":{"line":16,"column":45},"end":{"line":16,"column":67}},{"start":{"line":16,"column":45},"end":{"line":16,"column":67}}]},"10":{"loc":{"start":{"line":16,"column":40},"end":{"line":16,"column":45}},"type":"binary-expr","locations":[{"start":{"line":16,"column":40},"end":{"line":16,"column":67}},{"start":{"line":16,"column":40},"end":{"line":16,"column":45}}]}},"s":{"0":7,"1":7,"2":7,"3":7,"4":7,"5":12,"6":12,"7":2,"8":2,"9":4,"10":4,"11":4,"12":4,"13":2,"14":4,"15":1,"16":3,"17":3,"18":1,"19":2,"20":2,"21":2,"22":2,"23":7,"24":7},"f":{"0":12,"1":2,"2":4,"3":2,"4":4,"5":2},"b":{"0":[1,1],"1":[0],"2":[0],"3":[1,3],"4":[2,2],"5":[2,1],"6":[1,3],"7":[1,2],"8":[2,0],"9":[7,0],"10":[7,7]}}
,"C:\\Users\\jesjc\\OneDrive\\Documentos\\SaludDeUna\\salud-de-una-backend\\src\\patients\\patients.controller.ts": {"path":"C:\\Users\\jesjc\\OneDrive\\Documentos\\SaludDeUna\\salud-de-una-backend\\src\\patients\\patients.controller.ts","statementMap":{"0":{"start":{"line":1,"column":0},"end":{"line":1,"column":65}},"1":{"start":{"line":2,"column":0},"end":{"line":2,"column":61}},"2":{"start":{"line":3,"column":0},"end":{"line":3,"column":58}},"3":{"start":{"line":5,"column":0},"end":{"line":5,"column":75}},"4":{"start":{"line":6,"column":0},"end":{"line":6,"column":53}},"5":{"start":{"line":10,"column":7},"end":{"line":22,"column":null}},"6":{"start":{"line":11,"column":31},"end":{"line":11,"column":48}},"7":{"start":{"line":15,"column":4},"end":{"line":15,"column":49}},"8":{"start":{"line":20,"column":4},"end":{"line":20,"column":57}},"9":{"start":{"line":10,"column":13},"end":{"line":10,"column":31}},"10":{"start":{"line":14,"column":2},"end":{"line":16,"column":null}},"11":{"start":{"line":19,"column":2},"end":{"line":21,"column":null}},"12":{"start":{"line":10,"column":13},"end":{"line":22,"column":null}}},"fnMap":{"0":{"name":"(anonymous_4)","decl":{"start":{"line":11,"column":2},"end":{"line":11,"column":31}},"loc":{"start":{"line":11,"column":63},"end":{"line":11,"column":67}}},"1":{"name":"(anonymous_5)","decl":{"start":{"line":14,"column":2},"end":{"line":14,"column":7}},"loc":{"start":{"line":14,"column":34},"end":{"line":16,"column":3}}},"2":{"name":"(anonymous_6)","decl":{"start":{"line":19,"column":2},"end":{"line":19,"column":10}},"loc":{"start":{"line":19,"column":75},"end":{"line":21,"column":3}}}},"branchMap":{"0":{"loc":{"start":{"line":19,"column":52},"end":{"line":19,"column":null}},"type":"cond-expr","locations":[{"start":{"line":19,"column":75},"end":{"line":19,"column":null}},{"start":{"line":19,"column":75},"end":{"line":19,"column":null}}]},"1":{"loc":{"start":{"line":19,"column":52},"end":{"line":19,"column":75}},"type":"binary-expr","locations":[{"start":{"line":19,"column":52},"end":{"line":19,"column":null}},{"start":{"line":19,"column":52},"end":{"line":19,"column":75}}]},"2":{"loc":{"start":{"line":11,"column":48},"end":{"line":11,"column":66}},"type":"cond-expr","locations":[{"start":{"line":11,"column":63},"end":{"line":11,"column":66}},{"start":{"line":11,"column":63},"end":{"line":11,"column":66}}]},"3":{"loc":{"start":{"line":11,"column":48},"end":{"line":11,"column":63}},"type":"binary-expr","locations":[{"start":{"line":11,"column":48},"end":{"line":11,"column":66}},{"start":{"line":11,"column":48},"end":{"line":11,"column":63}}]}},"s":{"0":4,"1":4,"2":4,"3":4,"4":4,"5":4,"6":2,"7":1,"8":1,"9":4,"10":4,"11":4,"12":4},"f":{"0":2,"1":1,"2":1},"b":{"0":[4,0],"1":[4,4],"2":[4,0],"3":[4,4]}}
,"C:\\Users\\jesjc\\OneDrive\\Documentos\\SaludDeUna\\salud-de-una-backend\\src\\patients\\patients.module.ts": {"path":"C:\\Users\\jesjc\\OneDrive\\Documentos\\SaludDeUna\\salud-de-una-backend\\src\\patients\\patients.module.ts","statementMap":{"0":{"start":{"line":1,"column":0},"end":{"line":1,"column":40}},"1":{"start":{"line":2,"column":0},"end":{"line":2,"column":50}},"2":{"start":{"line":3,"column":0},"end":{"line":3,"column":59}},"3":{"start":{"line":4,"column":0},"end":{"line":4,"column":53}},"4":{"start":{"line":5,"column":0},"end":{"line":5,"column":66}},"5":{"start":{"line":15,"column":7},"end":{"line":15,"column":null}},"6":{"start":{"line":15,"column":13},"end":{"line":15,"column":27}},"7":{"start":{"line":15,"column":13},"end":{"line":15,"column":null}}},"fnMap":{},"branchMap":{},"s":{"0":3,"1":3,"2":3,"3":3,"4":3,"5":3,"6":3,"7":3},"f":{},"b":{}}
,"C:\\Users\\jesjc\\OneDrive\\Documentos\\SaludDeUna\\salud-de-una-backend\\src\\patients\\patients.service.ts": {"path":"C:\\Users\\jesjc\\OneDrive\\Documentos\\SaludDeUna\\salud-de-una-backend\\src\\patients\\patients.service.ts","statementMap":{"0":{"start":{"line":1,"column":0},"end":{"line":1,"column":63}},"1":{"start":{"line":2,"column":0},"end":{"line":2,"column":47}},"2":{"start":{"line":3,"column":0},"end":{"line":3,"column":33}},"3":{"start":{"line":6,"column":0},"end":{"line":6,"column":68}},"4":{"start":{"line":9,"column":7},"end":{"line":77,"column":null}},"5":{"start":{"line":12,"column":21},"end":{"line":12,"column":35}},"6":{"start":{"line":16,"column":20},"end":{"line":22,"column":13}},"7":{"start":{"line":24,"column":4},"end":{"line":26,"column":5}},"8":{"start":{"line":25,"column":6},"end":{"line":25,"column":60}},"9":{"start":{"line":28,"column":4},"end":{"line":38,"column":6}},"10":{"start":{"line":42,"column":27},"end":{"line":59,"column":13}},"11":{"start":{"line":61,"column":4},"end":{"line":63,"column":5}},"12":{"start":{"line":62,"column":6},"end":{"line":62,"column":60}},"13":{"start":{"line":65,"column":4},"end":{"line":75,"column":6}},"14":{"start":{"line":9,"column":13},"end":{"line":9,"column":28}},"15":{"start":{"line":9,"column":13},"end":{"line":77,"column":null}}},"fnMap":{"0":{"name":"(anonymous_4)","decl":{"start":{"line":10,"column":2},"end":{"line":10,"column":null}},"loc":{"start":{"line":12,"column":57},"end":{"line":13,"column":6}}},"1":{"name":"(anonymous_5)","decl":{"start":{"line":15,"column":2},"end":{"line":15,"column":7}},"loc":{"start":{"line":15,"column":31},"end":{"line":39,"column":3}}},"2":{"name":"(anonymous_6)","decl":{"start":{"line":41,"column":2},"end":{"line":41,"column":7}},"loc":{"start":{"line":41,"column":64},"end":{"line":76,"column":3}}}},"branchMap":{"0":{"loc":{"start":{"line":24,"column":4},"end":{"line":26,"column":5}},"type":"if","locations":[{"start":{"line":24,"column":4},"end":{"line":26,"column":5}},{"start":{},"end":{}}]},"1":{"loc":{"start":{"line":46,"column":14},"end":{"line":46,"column":77}},"type":"cond-expr","locations":[{"start":{"line":46,"column":44},"end":{"line":46,"column":72}},{"start":{"line":46,"column":75},"end":{"line":46,"column":77}}]},"2":{"loc":{"start":{"line":47,"column":14},"end":{"line":47,"column":74}},"type":"cond-expr","locations":[{"start":{"line":47,"column":43},"end":{"line":47,"column":69}},{"start":{"line":47,"column":72},"end":{"line":47,"column":74}}]},"3":{"loc":{"start":{"line":48,"column":14},"end":{"line":50,"column":16}},"type":"cond-expr","locations":[{"start":{"line":49,"column":14},"end":{"line":49,"column":52}},{"start":{"line":50,"column":14},"end":{"line":50,"column":16}}]},"4":{"loc":{"start":{"line":51,"column":14},"end":{"line":51,"column":68}},"type":"cond-expr","locations":[{"start":{"line":51,"column":41},"end":{"line":51,"column":63}},{"start":{"line":51,"column":66},"end":{"line":51,"column":68}}]},"5":{"loc":{"start":{"line":61,"column":4},"end":{"line":63,"column":5}},"type":"if","locations":[{"start":{"line":61,"column":4},"end":{"line":63,"column":5}},{"start":{},"end":{}}]},"6":{"loc":{"start":{"line":12,"column":35},"end":{"line":12,"column":57}},"type":"cond-expr","locations":[{"start":{"line":12,"column":40},"end":{"line":12,"column":57}},{"start":{"line":12,"column":40},"end":{"line":12,"column":57}}]},"7":{"loc":{"start":{"line":12,"column":35},"end":{"line":12,"column":40}},"type":"binary-expr","locations":[{"start":{"line":12,"column":35},"end":{"line":12,"column":57}},{"start":{"line":12,"column":35},"end":{"line":12,"column":40}}]}},"s":{"0":5,"1":5,"2":5,"3":5,"4":5,"5":7,"6":2,"7":2,"8":1,"9":1,"10":5,"11":5,"12":1,"13":4,"14":5,"15":5},"f":{"0":7,"1":2,"2":5},"b":{"0":[1,1],"1":[2,3],"2":[1,4],"3":[1,4],"4":[1,4],"5":[1,4],"6":[5,0],"7":[5,5]}}
}
