TN:
SF:src\app.controller.ts
FN:7,(anonymous_2)
FN:11,(anonymous_3)
FN:17,(anonymous_4)
FNF:3
FNH:3
FNDA:2,(anonymous_2)
FNDA:1,(anonymous_3)
FNDA:1,(anonymous_4)
DA:1,4
DA:2,4
DA:3,4
DA:6,4
DA:7,2
DA:11,4
DA:12,1
DA:17,4
DA:18,1
LF:9
LH:9
BRDA:7,0,0,4
BRDA:7,0,1,0
BRDA:7,1,0,4
BRDA:7,1,1,4
BRF:4
BRH:3
end_of_record
TN:
SF:src\app.module.ts
FN:43,(anonymous_2)
FNF:1
FNH:0
FNDA:0,(anonymous_2)
DA:1,3
DA:2,3
DA:3,3
DA:4,3
DA:5,3
DA:6,3
DA:7,3
DA:8,3
DA:9,3
DA:10,3
DA:11,3
DA:12,3
DA:13,3
DA:14,3
DA:15,3
DA:16,3
DA:17,3
DA:18,3
DA:19,3
DA:20,3
DA:21,3
DA:22,3
DA:43,0
DA:77,3
LF:24
LH:23
BRF:0
BRH:0
end_of_record
TN:
SF:src\app.service.ts
FN:27,(anonymous_4)
FN:29,(anonymous_5)
FN:38,(anonymous_6)
FNF:3
FNH:3
FNDA:4,(anonymous_4)
FNDA:1,(anonymous_5)
FNDA:3,(anonymous_6)
DA:1,5
DA:2,5
DA:3,5
DA:4,5
DA:26,5
DA:27,4
DA:30,1
DA:39,3
DA:40,3
DA:42,3
LF:10
LH:10
BRDA:43,0,0,1
BRDA:43,0,1,2
BRDA:48,1,0,1
BRDA:48,1,1,2
BRDA:27,2,0,5
BRDA:27,2,1,0
BRDA:27,3,0,5
BRDA:27,3,1,5
BRF:8
BRH:7
end_of_record
TN:
SF:src\main.ts
FN:11,sanitizeMongoUri
FN:19,parseCorsOrigins
FN:28,waitForDatabaseConnection
FN:45,(anonymous_3)
FN:47,(anonymous_4)
FN:57,(anonymous_5)
FN:71,bootstrap
FN:81,(anonymous_7)
FN:85,(anonymous_8)
FN:90,(anonymous_9)
FN:115,(anonymous_10)
FN:132,(anonymous_11)
FNF:12
FNH:12
FNDA:6,sanitizeMongoUri
FNDA:7,parseCorsOrigins
FNDA:9,waitForDatabaseConnection
FNDA:3,(anonymous_3)
FNDA:1,(anonymous_4)
FNDA:1,(anonymous_5)
FNDA:5,bootstrap
FNDA:1,(anonymous_7)
FNDA:2,(anonymous_8)
FNDA:1,(anonymous_9)
FNDA:3,(anonymous_10)
FNDA:1,(anonymous_11)
DA:1,2
DA:2,2
DA:3,2
DA:4,2
DA:7,2
DA:8,2
DA:9,2
DA:11,2
DA:12,6
DA:13,1
DA:16,5
DA:19,2
DA:23,7
DA:26,2
DA:28,2
DA:32,9
DA:34,9
DA:35,6
DA:36,6
DA:39,3
DA:43,3
DA:45,3
DA:46,3
DA:48,1
DA:56,3
DA:58,1
DA:59,1
DA:63,1
DA:65,2
DA:66,2
DA:67,2
DA:71,2
DA:72,5
DA:73,5
DA:74,5
DA:75,5
DA:76,5
DA:77,5
DA:78,5
DA:79,5
DA:81,5
DA:82,1
DA:85,5
DA:86,2
DA:87,2
DA:90,5
DA:91,1
DA:94,5
DA:96,5
DA:97,5
DA:102,5
DA:103,1
DA:108,4
DA:109,2
DA:114,4
DA:119,3
DA:120,2
DA:121,2
DA:124,1
DA:132,4
DA:133,1
DA:134,1
DA:135,1
DA:136,1
DA:137,1
DA:140,4
DA:148,4
DA:149,4
DA:151,4
DA:152,4
DA:155,4
DA:158,4
DA:159,4
DA:161,2
DA:162,1
LF:75
LH:75
BRDA:12,0,0,1
BRDA:12,0,1,5
BRDA:20,1,0,1
BRDA:21,2,0,1
BRDA:34,3,0,6
BRDA:34,3,1,3
BRDA:65,4,0,1
BRDA:65,4,1,1
BRDA:77,5,0,5
BRDA:77,5,1,0
BRDA:78,6,0,5
BRDA:78,6,1,1
BRDA:86,7,0,1
BRDA:86,7,1,1
BRDA:98,8,0,5
BRDA:98,8,1,1
BRDA:99,9,0,5
BRDA:99,9,1,1
BRDA:102,10,0,1
BRDA:102,10,1,4
BRDA:102,11,0,5
BRDA:102,11,1,3
BRDA:108,12,0,2
BRDA:108,12,1,2
BRDA:108,13,0,4
BRDA:108,13,1,2
BRDA:119,14,0,2
BRDA:119,14,1,1
BRDA:119,15,0,3
BRDA:119,15,1,2
BRDA:161,16,0,1
BRDA:161,16,1,1
BRF:32
BRH:31
end_of_record
TN:
SF:src\admin\admin.controller.ts
FN:11,(anonymous_4)
FN:15,(anonymous_5)
FN:21,(anonymous_6)
FNF:3
FNH:3
FNDA:2,(anonymous_4)
FNDA:1,(anonymous_5)
FNDA:1,(anonymous_6)
DA:1,4
DA:2,4
DA:3,4
DA:5,4
DA:6,4
DA:7,4
DA:10,4
DA:11,2
DA:15,4
DA:16,1
DA:21,4
DA:26,1
LF:12
LH:12
BRDA:15,0,0,4
BRDA:15,0,1,0
BRDA:15,1,0,4
BRDA:15,1,1,4
BRDA:23,2,0,4
BRDA:23,2,1,0
BRDA:23,3,0,4
BRDA:23,3,1,4
BRDA:11,4,0,4
BRDA:11,4,1,0
BRDA:11,5,0,4
BRDA:11,5,1,4
BRF:12
BRH:9
end_of_record
TN:
SF:src\admin\admin.module.ts
FNF:0
FNH:0
DA:1,3
DA:2,3
DA:3,3
DA:4,3
DA:8,3
DA:9,3
DA:10,3
DA:23,3
LF:8
LH:8
BRF:0
BRH:0
end_of_record
TN:
SF:src\admin\admin.service.ts
FN:25,(anonymous_4)
FN:34,(anonymous_5)
FN:79,(anonymous_6)
FN:115,(anonymous_7)
FN:160,(anonymous_8)
FN:188,(anonymous_9)
FN:216,(anonymous_10)
FN:243,(anonymous_11)
FNF:8
FNH:8
FNDA:10,(anonymous_4)
FNDA:4,(anonymous_5)
FNDA:2,(anonymous_6)
FNDA:1,(anonymous_7)
FNDA:2,(anonymous_8)
FNDA:6,(anonymous_9)
FNDA:5,(anonymous_10)
FNDA:5,(anonymous_11)
DA:1,5
DA:8,5
DA:9,5
DA:10,5
DA:13,5
DA:14,5
DA:18,5
DA:21,5
DA:24,5
DA:26,10
DA:28,10
DA:30,10
DA:31,10
DA:35,4
DA:40,4
DA:42,4
DA:43,1
DA:46,4
DA:47,1
DA:50,4
DA:51,2
DA:52,2
DA:53,2
DA:61,4
DA:62,4
DA:63,4
DA:65,4
DA:79,4
DA:81,4
DA:114,4
DA:115,1
DA:121,4
DA:132,4
DA:133,4
DA:134,4
DA:135,4
DA:137,4
DA:138,3
DA:139,3
DA:140,1
DA:141,2
DA:142,1
DA:143,1
DA:144,1
DA:147,4
DA:161,2
DA:162,2
DA:193,6
DA:194,1
DA:197,5
DA:198,5
DA:215,5
DA:216,5
DA:217,5
DA:225,3
DA:226,0
DA:230,3
DA:232,2
DA:233,1
DA:235,1
DA:239,5
DA:249,5
DA:253,5
DA:254,1
DA:257,4
DA:258,4
DA:278,3
DA:280,1
DA:281,1
DA:284,1
DA:285,1
DA:288,1
DA:289,1
DA:291,3
DA:292,3
DA:294,3
DA:301,3
LF:77
LH:76
BRDA:42,0,0,1
BRDA:42,0,1,3
BRDA:46,1,0,1
BRDA:46,1,1,3
BRDA:50,2,0,2
BRDA:50,2,1,2
BRDA:61,3,0,4
BRDA:61,3,1,3
BRDA:62,4,0,4
BRDA:62,4,1,3
BRDA:81,5,0,3
BRDA:81,5,1,1
BRDA:139,6,0,1
BRDA:139,6,1,2
BRDA:141,7,0,1
BRDA:141,7,1,1
BRDA:143,8,0,1
BRDA:143,8,1,0
BRDA:172,9,0,2
BRDA:172,9,1,0
BRDA:173,10,0,2
BRDA:173,10,1,0
BRDA:174,11,0,1
BRDA:174,11,1,1
BRDA:193,12,0,1
BRDA:193,12,1,5
BRDA:225,13,0,0
BRDA:225,13,1,3
BRDA:232,14,0,1
BRDA:232,14,1,1
BRDA:253,15,0,1
BRDA:253,15,1,4
BRDA:278,16,0,1
BRDA:278,16,1,1
BRDA:278,16,2,1
BRDA:26,17,0,5
BRDA:26,17,1,0
BRDA:26,18,0,5
BRDA:26,18,1,5
BRDA:26,19,0,5
BRDA:26,19,1,0
BRDA:26,20,0,5
BRDA:26,20,1,5
BRDA:28,21,0,5
BRDA:28,21,1,0
BRDA:28,22,0,5
BRDA:28,22,1,5
BRDA:30,23,0,5
BRDA:30,23,1,0
BRDA:30,24,0,5
BRDA:30,24,1,5
BRF:51
BRH:43
end_of_record
TN:
SF:src\admins\admin-seeder.service.ts
FN:12,(anonymous_13)
FN:18,(anonymous_14)
FNF:2
FNH:2
FNDA:4,(anonymous_13)
FNDA:4,(anonymous_14)
DA:1,4
DA:2,4
DA:3,4
DA:4,4
DA:5,4
DA:6,4
DA:9,4
DA:10,4
DA:14,4
DA:15,4
DA:19,4
DA:20,4
DA:21,1
DA:24,3
DA:25,3
DA:26,3
DA:28,3
DA:30,3
DA:32,3
DA:33,1
DA:34,1
DA:37,2
DA:38,2
DA:39,1
DA:42,1
DA:43,1
DA:50,1
LF:27
LH:27
BRDA:20,0,0,1
BRDA:20,0,1,3
BRDA:25,1,0,2
BRDA:25,1,1,1
BRDA:28,2,0,3
BRDA:28,2,1,2
BRDA:30,3,0,3
BRDA:30,3,1,2
BRDA:32,4,0,1
BRDA:32,4,1,2
BRDA:32,5,0,3
BRDA:32,5,1,2
BRDA:38,6,0,1
BRDA:38,6,1,1
BRDA:14,7,0,4
BRDA:14,7,1,0
BRDA:14,8,0,4
BRDA:14,8,1,4
BRDA:14,9,0,4
BRDA:14,9,1,0
BRDA:14,10,0,4
BRDA:14,10,1,4
BRF:22
BRH:20
end_of_record
TN:
SF:src\admins\admins.module.ts
FNF:0
FNH:0
DA:1,3
DA:2,3
DA:3,3
DA:4,3
DA:13,3
LF:5
LH:5
BRF:0
BRH:0
end_of_record
TN:
SF:src\auth\auth.controller.ts
FN:23,(anonymous_4)
FN:28,(anonymous_5)
FN:35,(anonymous_6)
FN:43,(anonymous_7)
FN:55,(anonymous_8)
FN:64,(anonymous_9)
FN:73,(anonymous_10)
FN:79,(anonymous_11)
FN:83,(anonymous_12)
FNF:9
FNH:9
FNDA:7,(anonymous_4)
FNDA:1,(anonymous_5)
FNDA:1,(anonymous_6)
FNDA:1,(anonymous_7)
FNDA:1,(anonymous_8)
FNDA:1,(anonymous_9)
FNDA:1,(anonymous_10)
FNDA:1,(anonymous_11)
FNDA:3,(anonymous_12)
DA:1,4
DA:10,4
DA:11,4
DA:13,4
DA:14,4
DA:15,4
DA:16,4
DA:17,4
DA:18,4
DA:19,4
DA:22,4
DA:23,7
DA:28,4
DA:29,1
DA:35,4
DA:36,1
DA:43,4
DA:44,1
DA:48,1
DA:55,4
DA:56,1
DA:57,1
DA:64,4
DA:65,1
DA:66,1
DA:73,4
DA:74,1
DA:75,1
DA:79,4
DA:80,1
DA:92,3
LF:31
LH:31
BRDA:28,0,0,4
BRDA:28,0,1,0
BRDA:28,1,0,4
BRDA:28,1,1,4
BRDA:35,2,0,4
BRDA:35,2,1,0
BRDA:35,3,0,4
BRDA:35,3,1,4
BRDA:43,4,0,4
BRDA:43,4,1,0
BRDA:43,5,0,4
BRDA:43,5,1,4
BRDA:55,6,0,4
BRDA:55,6,1,0
BRDA:55,7,0,4
BRDA:55,7,1,4
BRDA:64,8,0,4
BRDA:64,8,1,0
BRDA:64,9,0,4
BRDA:64,9,1,4
BRDA:73,10,0,4
BRDA:73,10,1,0
BRDA:73,11,0,4
BRDA:73,11,1,4
BRDA:79,12,0,4
BRDA:79,12,1,0
BRDA:79,13,0,4
BRDA:79,13,1,4
BRDA:23,14,0,4
BRDA:23,14,1,0
BRDA:23,15,0,4
BRDA:23,15,1,4
BRF:32
BRH:24
end_of_record
TN:
SF:src\auth\auth.module.ts
FN:22,(anonymous_1)
FNF:1
FNH:0
FNDA:0,(anonymous_1)
DA:1,3
DA:2,3
DA:3,3
DA:4,3
DA:5,3
DA:6,3
DA:7,3
DA:8,3
DA:9,3
DA:10,3
DA:14,3
DA:15,3
DA:22,0
DA:37,3
LF:14
LH:13
BRF:0
BRH:0
end_of_record
TN:
SF:src\auth\auth.service.ts
FN:53,(anonymous_13)
FN:66,(anonymous_14)
FN:89,(anonymous_15)
FN:133,(anonymous_16)
FN:139,(anonymous_17)
FN:145,(anonymous_18)
FN:181,(anonymous_19)
FN:208,(anonymous_20)
FN:219,(anonymous_21)
FN:279,(anonymous_22)
FN:295,(anonymous_23)
FN:318,(anonymous_24)
FN:378,(anonymous_25)
FN:395,(anonymous_26)
FN:419,(anonymous_27)
FN:421,(anonymous_28)
FN:443,(anonymous_29)
FN:452,(anonymous_30)
FN:469,(anonymous_31)
FN:482,(anonymous_32)
FN:501,(anonymous_33)
FN:521,(anonymous_34)
FN:553,(anonymous_35)
FNF:23
FNH:23
FNDA:33,(anonymous_13)
FNDA:2,(anonymous_14)
FNDA:5,(anonymous_15)
FNDA:3,(anonymous_16)
FNDA:2,(anonymous_17)
FNDA:9,(anonymous_18)
FNDA:3,(anonymous_19)
FNDA:1,(anonymous_20)
FNDA:5,(anonymous_21)
FNDA:5,(anonymous_22)
FNDA:5,(anonymous_23)
FNDA:5,(anonymous_24)
FNDA:3,(anonymous_25)
FNDA:6,(anonymous_26)
FNDA:3,(anonymous_27)
FNDA:3,(anonymous_28)
FNDA:5,(anonymous_29)
FNDA:3,(anonymous_30)
FNDA:7,(anonymous_31)
FNDA:5,(anonymous_32)
FNDA:3,(anonymous_33)
FNDA:2,(anonymous_34)
FNDA:5,(anonymous_35)
DA:1,5
DA:7,5
DA:8,5
DA:9,5
DA:10,5
DA:11,5
DA:13,5
DA:14,5
DA:15,5
DA:18,5
DA:21,5
DA:22,5
DA:52,5
DA:55,33
DA:57,33
DA:59,33
DA:61,33
DA:62,33
DA:63,33
DA:67,2
DA:69,1
DA:70,1
DA:79,1
DA:90,5
DA:92,5
DA:93,1
DA:96,4
DA:98,3
DA:100,3
DA:101,3
DA:112,2
DA:113,1
DA:115,1
DA:116,1
DA:118,0
DA:121,1
DA:134,3
DA:135,3
DA:136,1
DA:140,2
DA:141,2
DA:142,1
DA:146,9
DA:147,1
DA:150,8
DA:155,8
DA:156,8
DA:160,1
DA:163,7
DA:164,1
DA:167,6
DA:168,1
DA:171,5
DA:173,1
DA:174,1
DA:175,0
DA:178,1
DA:182,3
DA:183,1
DA:186,2
DA:190,2
DA:191,2
DA:198,1
DA:199,0
DA:202,1
DA:209,1
DA:223,5
DA:224,5
DA:227,5
DA:230,5
DA:234,5
DA:236,5
DA:243,5
DA:247,5
DA:261,5
DA:263,5
DA:264,1
DA:267,5
DA:283,5
DA:284,2
DA:287,3
DA:288,3
DA:289,1
DA:292,2
DA:300,5
DA:301,5
DA:302,5
DA:306,5
DA:315,5
DA:322,5
DA:332,5
DA:333,1
DA:338,4
DA:339,1
DA:340,1
DA:343,3
DA:347,3
DA:348,1
DA:353,2
DA:371,2
DA:372,1
DA:382,3
DA:401,6
DA:403,6
DA:414,6
DA:415,5
DA:418,1
DA:419,3
DA:421,3
DA:423,1
DA:424,0
DA:427,1
DA:444,5
DA:445,1
DA:448,4
DA:449,4
DA:453,3
DA:459,3
DA:460,3
DA:466,0
DA:470,7
DA:471,7
DA:477,7
DA:478,1
DA:485,5
DA:487,5
DA:488,1
DA:491,4
DA:496,4
DA:497,1
DA:502,3
DA:504,3
DA:509,3
DA:510,2
DA:518,1
DA:522,2
DA:524,2
DA:528,2
DA:529,1
DA:537,1
DA:541,1
DA:542,0
DA:550,1
DA:557,5
DA:558,3
DA:564,3
DA:565,1
DA:568,2
DA:575,2
DA:576,1
DA:582,1
DA:583,0
DA:586,1
DA:593,1
DA:599,1
DA:600,0
DA:603,1
LF:157
LH:149
BRDA:75,0,0,1
BRDA:75,0,1,0
BRDA:85,1,0,1
BRDA:85,1,1,0
BRDA:92,2,0,1
BRDA:92,2,1,4
BRDA:92,3,0,5
BRDA:92,3,1,5
BRDA:112,4,0,1
BRDA:112,4,1,1
BRDA:115,5,0,1
BRDA:115,5,1,0
BRDA:129,6,0,1
BRDA:129,6,1,0
BRDA:146,7,0,1
BRDA:146,7,1,8
BRDA:163,8,0,1
BRDA:163,8,1,6
BRDA:167,9,0,1
BRDA:167,9,1,5
BRDA:174,10,0,0
BRDA:174,10,1,1
BRDA:182,11,0,1
BRDA:182,11,1,2
BRDA:198,12,0,0
BRDA:198,12,1,1
BRDA:263,13,0,1
BRDA:263,13,1,4
BRDA:283,14,0,2
BRDA:283,14,1,3
BRDA:288,15,0,1
BRDA:288,15,1,2
BRDA:302,16,0,4
BRDA:302,16,1,1
BRDA:332,17,0,1
BRDA:332,17,1,4
BRDA:338,18,0,1
BRDA:338,18,1,3
BRDA:347,19,0,1
BRDA:347,19,1,2
BRDA:371,20,0,1
BRDA:371,20,1,1
BRDA:401,21,0,6
BRDA:401,21,1,0
BRDA:414,22,0,5
BRDA:414,22,1,1
BRDA:423,23,0,0
BRDA:423,23,1,1
BRDA:444,24,0,1
BRDA:444,24,1,4
BRDA:444,25,0,5
BRDA:444,25,1,4
BRDA:453,26,0,3
BRDA:453,26,1,0
BRDA:454,27,0,3
BRDA:454,27,1,3
BRDA:454,27,2,3
BRDA:454,27,3,3
BRDA:461,28,0,3
BRDA:461,28,1,3
BRDA:461,28,2,3
BRDA:477,29,0,1
BRDA:477,29,1,6
BRDA:477,30,0,7
BRDA:477,30,1,6
BRDA:477,30,2,6
BRDA:487,31,0,1
BRDA:487,31,1,4
BRDA:496,32,0,1
BRDA:496,32,1,3
BRDA:509,33,0,2
BRDA:509,33,1,1
BRDA:528,34,0,1
BRDA:528,34,1,1
BRDA:541,35,0,0
BRDA:541,35,1,1
BRDA:557,36,0,3
BRDA:557,36,1,2
BRDA:564,37,0,1
BRDA:564,37,1,2
BRDA:564,38,0,3
BRDA:564,38,1,3
BRDA:575,39,0,1
BRDA:575,39,1,1
BRDA:582,40,0,0
BRDA:582,40,1,1
BRDA:582,41,0,1
BRDA:582,41,1,1
BRDA:599,42,0,0
BRDA:599,42,1,1
BRDA:599,43,0,1
BRDA:599,43,1,1
BRDA:55,44,0,5
BRDA:55,44,1,0
BRDA:55,45,0,5
BRDA:55,45,1,5
BRDA:55,46,0,5
BRDA:55,46,1,0
BRDA:55,47,0,5
BRDA:55,47,1,5
BRDA:57,48,0,5
BRDA:57,48,1,0
BRDA:57,49,0,5
BRDA:57,49,1,5
BRDA:59,50,0,5
BRDA:59,50,1,0
BRDA:59,51,0,5
BRDA:59,51,1,5
BRDA:61,52,0,5
BRDA:61,52,1,0
BRDA:61,53,0,5
BRDA:61,53,1,5
BRDA:62,54,0,5
BRDA:62,54,1,0
BRDA:62,55,0,5
BRDA:62,55,1,5
BRF:116
BRH:98
end_of_record
TN:
SF:src\auth\strategies\jwt.strategy.ts
FN:19,(anonymous_4)
FN:35,(anonymous_5)
FNF:2
FNH:2
FNDA:5,(anonymous_4)
FNDA:5,(anonymous_5)
DA:1,4
DA:2,4
DA:3,4
DA:4,4
DA:5,4
DA:6,4
DA:7,4
DA:8,4
DA:11,4
DA:12,4
DA:18,4
DA:22,5
DA:24,5
DA:26,5
DA:28,5
DA:36,5
DA:37,1
DA:42,4
DA:43,1
DA:46,3
DA:48,3
DA:50,3
DA:51,1
DA:56,2
DA:57,1
DA:62,1
DA:63,1
DA:70,3
DA:71,1
DA:74,2
LF:30
LH:30
BRDA:36,0,0,1
BRDA:36,0,1,4
BRDA:42,1,0,1
BRDA:42,1,1,3
BRDA:50,2,0,1
BRDA:50,2,1,2
BRDA:56,3,0,1
BRDA:56,3,1,1
BRDA:62,4,0,1
BRDA:62,4,1,0
BRDA:70,5,0,1
BRDA:70,5,1,2
BRDA:70,6,0,3
BRDA:70,6,1,3
BRDA:20,7,0,4
BRDA:20,7,1,0
BRDA:20,8,0,4
BRDA:20,8,1,4
BRDA:20,9,0,4
BRDA:20,9,1,0
BRDA:20,10,0,4
BRDA:20,10,1,4
BRDA:22,11,0,4
BRDA:22,11,1,0
BRDA:22,12,0,4
BRDA:22,12,1,4
BRDA:24,13,0,4
BRDA:24,13,1,0
BRDA:24,14,0,4
BRDA:24,14,1,4
BRF:30
BRH:25
end_of_record
TN:
SF:src\common\decorators\public.decorator.ts
FN:4,(anonymous_0)
FNF:1
FNH:1
FNDA:32,(anonymous_0)
DA:1,6
DA:3,6
DA:4,32
LF:3
LH:3
BRF:0
BRH:0
end_of_record
TN:
SF:src\common\decorators\roles.decorator.ts
FN:5,(anonymous_0)
FNF:1
FNH:1
FNDA:28,(anonymous_0)
DA:1,9
DA:4,9
DA:5,28
LF:3
LH:3
BRF:0
BRH:0
end_of_record
TN:
SF:src\common\enums\doctor-status.enum.ts
FN:1,(anonymous_0)
FNF:1
FNH:1
FNDA:15,(anonymous_0)
DA:1,15
DA:2,15
DA:3,15
DA:4,15
LF:4
LH:4
BRDA:1,0,0,15
BRDA:1,0,1,15
BRF:2
BRH:2
end_of_record
TN:
SF:src\common\enums\program-type.enum.ts
FN:1,(anonymous_0)
FNF:1
FNH:1
FNDA:7,(anonymous_0)
DA:1,7
DA:2,7
DA:3,7
DA:4,7
DA:5,7
DA:6,7
DA:7,7
DA:8,7
DA:9,7
LF:9
LH:9
BRDA:1,0,0,7
BRDA:1,0,1,7
BRF:2
BRH:2
end_of_record
TN:
SF:src\common\enums\rethus-state.enum.ts
FN:1,(anonymous_0)
FNF:1
FNH:1
FNDA:7,(anonymous_0)
DA:1,7
DA:2,7
DA:3,7
DA:4,7
LF:4
LH:4
BRDA:1,0,0,7
BRDA:1,0,1,7
BRF:2
BRH:2
end_of_record
TN:
SF:src\common\enums\specialty.enum.ts
FN:1,(anonymous_0)
FNF:1
FNH:1
FNDA:15,(anonymous_0)
DA:1,15
DA:2,15
DA:3,15
LF:3
LH:3
BRDA:1,0,0,15
BRDA:1,0,1,15
BRF:2
BRH:2
end_of_record
TN:
SF:src\common\enums\title-obtaining-origin.enum.ts
FN:1,(anonymous_0)
FNF:1
FNH:1
FNDA:7,(anonymous_0)
DA:1,7
DA:2,7
DA:3,7
LF:3
LH:3
BRDA:1,0,0,7
BRDA:1,0,1,7
BRF:2
BRH:2
end_of_record
TN:
SF:src\common\enums\user-gender.enum.ts
FN:1,(anonymous_0)
FNF:1
FNH:1
FNDA:11,(anonymous_0)
DA:1,11
DA:2,11
DA:3,11
DA:4,11
LF:4
LH:4
BRDA:1,0,0,11
BRDA:1,0,1,11
BRF:2
BRH:2
end_of_record
TN:
SF:src\common\enums\user-role.enum.ts
FN:1,(anonymous_0)
FNF:1
FNH:1
FNDA:19,(anonymous_0)
DA:1,19
DA:2,19
DA:3,19
DA:4,19
LF:4
LH:4
BRDA:1,0,0,19
BRDA:1,0,1,19
BRF:2
BRH:2
end_of_record
TN:
SF:src\common\filters\http-exception.filter.ts
FN:17,(anonymous_1)
FNF:1
FNH:1
FNDA:2,(anonymous_1)
DA:1,3
DA:9,3
DA:14,3
DA:15,6
DA:18,2
DA:19,2
DA:20,2
DA:22,2
DA:27,2
DA:30,2
DA:35,2
DA:36,2
DA:38,2
DA:41,2
DA:42,2
DA:44,2
DA:53,2
DA:54,2
DA:69,2
LF:19
LH:19
BRDA:22,0,0,1
BRDA:22,0,1,1
BRDA:27,1,0,1
BRDA:27,1,1,1
BRDA:30,2,0,1
BRDA:30,2,1,1
BRDA:30,3,0,2
BRDA:30,3,1,2
BRDA:30,3,2,1
BRDA:35,4,0,2
BRDA:35,4,1,0
BRDA:38,5,0,2
BRDA:38,5,1,1
BRDA:38,5,2,1
BRDA:41,6,0,2
BRDA:41,6,1,2
BRDA:42,7,0,2
BRDA:42,7,1,2
BRDA:44,8,0,1
BRDA:44,8,1,1
BRDA:44,9,0,2
BRDA:44,9,1,2
BRDA:44,9,2,1
BRDA:44,9,3,1
BRDA:49,10,0,1
BRDA:49,10,1,0
BRF:26
BRH:24
end_of_record
TN:
SF:src\common\guards\doctor-verified.guard.ts
FN:16,(anonymous_4)
FN:21,(anonymous_5)
FNF:2
FNH:2
FNDA:4,(anonymous_4)
FNDA:4,(anonymous_5)
DA:1,5
DA:7,5
DA:8,5
DA:9,5
DA:10,5
DA:12,5
DA:15,5
DA:18,4
DA:22,4
DA:23,4
DA:24,1
DA:27,3
DA:33,3
DA:34,2
DA:39,1
LF:15
LH:15
BRDA:23,0,0,1
BRDA:23,0,1,3
BRDA:33,1,0,2
BRDA:33,1,1,1
BRDA:33,2,0,3
BRDA:33,2,1,2
BRDA:18,3,0,5
BRDA:18,3,1,0
BRDA:18,4,0,5
BRDA:18,4,1,5
BRF:10
BRH:9
end_of_record
TN:
SF:src\common\guards\jwt-auth.guard.ts
FN:13,(anonymous_2)
FN:17,(anonymous_3)
FN:30,(anonymous_4)
FNF:3
FNH:3
FNDA:4,(anonymous_2)
FNDA:2,(anonymous_3)
FNDA:2,(anonymous_4)
DA:1,4
DA:7,4
DA:8,4
DA:9,4
DA:12,4
DA:13,4
DA:14,4
DA:18,2
DA:23,2
DA:24,1
DA:27,1
DA:35,2
DA:36,2
DA:37,1
DA:41,1
LF:15
LH:15
BRDA:23,0,0,1
BRDA:23,0,1,1
BRDA:36,1,0,1
BRDA:36,1,1,1
BRDA:36,2,0,2
BRDA:36,2,1,2
BRDA:37,3,0,0
BRDA:37,3,1,1
BRDA:13,4,0,2
BRDA:13,4,1,2
BRDA:13,5,0,4
BRDA:13,5,1,2
BRF:12
BRH:11
end_of_record
TN:
SF:src\common\guards\roles.guard.ts
FN:14,(anonymous_2)
FN:16,(anonymous_3)
FNF:2
FNH:2
FNDA:3,(anonymous_2)
FNDA:3,(anonymous_3)
DA:1,4
DA:7,4
DA:9,4
DA:13,4
DA:14,3
DA:17,3
DA:22,3
DA:23,1
DA:26,2
DA:27,2
DA:28,2
DA:29,1
DA:32,1
LF:13
LH:13
BRDA:22,0,0,1
BRDA:22,0,1,2
BRDA:22,1,0,3
BRDA:22,1,1,2
BRDA:28,2,0,1
BRDA:28,2,1,1
BRDA:28,3,0,2
BRDA:28,3,1,1
BRDA:14,4,0,2
BRDA:14,4,1,2
BRDA:14,5,0,4
BRDA:14,5,1,2
BRF:12
BRH:12
end_of_record
TN:
SF:src\common\interceptors\request-logging.interceptor.ts
FN:19,(anonymous_2)
FN:21,(anonymous_3)
FN:40,(anonymous_4)
FN:61,(anonymous_5)
FNF:4
FNH:4
FNDA:5,(anonymous_2)
FNDA:5,(anonymous_3)
FNDA:2,(anonymous_4)
FNDA:3,(anonymous_5)
DA:1,4
DA:10,4
DA:11,4
DA:12,4
DA:16,4
DA:17,5
DA:19,5
DA:22,5
DA:23,5
DA:24,5
DA:30,5
DA:31,5
DA:32,5
DA:34,5
DA:35,5
DA:36,5
DA:38,5
DA:41,2
DA:42,2
DA:43,2
DA:44,2
DA:46,2
DA:47,2
DA:62,3
DA:63,3
DA:64,3
DA:66,3
DA:70,3
DA:71,3
LF:29
LH:29
BRDA:30,0,0,5
BRDA:30,0,1,4
BRDA:36,1,0,5
BRDA:36,1,1,0
BRDA:42,2,0,2
BRDA:42,2,1,1
BRDA:43,3,0,2
BRDA:43,3,1,1
BRDA:63,4,0,3
BRDA:63,4,1,0
BRDA:64,5,0,3
BRDA:64,5,1,0
BRDA:66,6,0,1
BRDA:66,6,1,2
BRDA:83,7,0,2
BRDA:83,7,1,1
BRDA:85,8,0,2
BRDA:85,8,1,1
BRDA:19,9,0,4
BRDA:19,9,1,0
BRDA:19,10,0,4
BRDA:19,10,1,4
BRF:22
BRH:18
end_of_record
TN:
SF:src\common\utils\mongo-ready-state.util.ts
FN:8,describeReadyState
FNF:1
FNH:1
FNDA:9,describeReadyState
DA:1,6
DA:8,6
DA:9,9
LF:3
LH:3
BRDA:9,0,0,9
BRDA:9,0,1,1
BRF:2
BRH:2
end_of_record
TN:
SF:src\config\auth.config.ts
FN:3,(anonymous_0)
FNF:1
FNH:1
FNDA:2,(anonymous_0)
DA:1,4
DA:3,4
LF:2
LH:2
BRDA:6,0,0,2
BRDA:6,0,1,1
BRDA:7,1,0,2
BRDA:7,1,1,1
BRF:4
BRH:4
end_of_record
TN:
SF:src\config\database.config.ts
FN:3,(anonymous_0)
FNF:1
FNH:1
FNDA:1,(anonymous_0)
DA:1,4
DA:3,4
LF:2
LH:2
BRF:0
BRH:0
end_of_record
TN:
SF:src\config\web.config.ts
FN:3,parseCsv
FN:10,(anonymous_1)
FN:11,(anonymous_2)
FN:14,parsePositiveInt
FN:19,(anonymous_4)
FNF:5
FNH:5
FNDA:4,parseCsv
FNDA:4,(anonymous_1)
FNDA:4,(anonymous_2)
FNDA:2,parsePositiveInt
FNDA:2,(anonymous_4)
DA:1,4
DA:4,4
DA:5,2
DA:8,2
DA:10,4
DA:11,4
DA:15,2
DA:16,2
DA:19,4
LF:9
LH:9
BRDA:4,0,0,2
BRDA:4,0,1,2
BRDA:16,1,0,1
BRDA:16,1,1,1
BRDA:16,2,0,2
BRDA:16,2,1,2
BRF:6
BRH:6
end_of_record
TN:
SF:src\consultations\consultations.controller.ts
FN:11,(anonymous_2)
FNF:1
FNH:1
FNDA:1,(anonymous_2)
DA:1,4
DA:2,4
DA:3,4
DA:4,4
DA:7,4
DA:11,4
DA:12,1
LF:7
LH:7
BRF:0
BRH:0
end_of_record
TN:
SF:src\consultations\consultations.module.ts
FNF:0
FNH:0
DA:1,3
DA:2,3
DA:3,3
DA:4,3
DA:5,3
DA:14,3
LF:6
LH:6
BRF:0
BRH:0
end_of_record
TN:
SF:src\dashboard\dashboard.controller.ts
FN:8,(anonymous_2)
FN:12,(anonymous_3)
FN:18,(anonymous_4)
FNF:3
FNH:3
FNDA:2,(anonymous_2)
FNDA:1,(anonymous_3)
FNDA:1,(anonymous_4)
DA:1,4
DA:2,4
DA:3,4
DA:4,4
DA:7,4
DA:8,2
DA:12,4
DA:13,1
DA:18,4
DA:19,1
LF:10
LH:10
BRDA:8,0,0,4
BRDA:8,0,1,0
BRDA:8,1,0,4
BRDA:8,1,1,4
BRF:4
BRH:3
end_of_record
TN:
SF:src\dashboard\dashboard.module.ts
FNF:0
FNH:0
DA:1,3
DA:2,3
DA:3,3
DA:4,3
DA:8,3
DA:9,3
DA:10,3
DA:24,3
LF:8
LH:8
BRF:0
BRH:0
end_of_record
TN:
SF:src\dashboard\dashboard.service.ts
FN:21,(anonymous_4)
FN:30,(anonymous_5)
FN:37,(anonymous_6)
FN:40,(anonymous_7)
FN:41,(anonymous_8)
FN:44,(anonymous_9)
FN:55,(anonymous_10)
FNF:7
FNH:7
FNDA:5,(anonymous_4)
FNDA:6,(anonymous_5)
FNDA:2,(anonymous_6)
FNDA:6,(anonymous_7)
FNDA:5,(anonymous_8)
FNDA:6,(anonymous_9)
FNDA:3,(anonymous_10)
DA:1,6
DA:2,6
DA:3,6
DA:4,6
DA:5,6
DA:6,6
DA:10,6
DA:18,6
DA:19,5
DA:23,5
DA:25,5
DA:27,5
DA:31,6
DA:32,6
DA:33,0
DA:38,2
DA:39,2
DA:40,6
DA:41,5
DA:42,2
DA:43,2
DA:44,6
DA:45,2
DA:47,2
DA:56,3
DA:57,3
DA:59,3
DA:115,3
DA:123,3
DA:128,3
DA:132,3
DA:133,3
DA:134,3
DA:135,3
DA:136,3
DA:138,3
DA:139,3
DA:141,3
DA:142,3
LF:39
LH:38
BRDA:32,0,0,0
BRDA:32,0,1,6
BRDA:43,1,0,2
BRDA:43,1,1,1
BRDA:45,2,0,1
BRDA:45,2,1,1
BRDA:115,3,0,3
BRDA:115,3,1,1
BRDA:123,4,0,3
BRDA:123,4,1,1
BRDA:128,5,0,3
BRDA:128,5,1,2
BRDA:132,6,0,3
BRDA:132,6,1,2
BRDA:133,7,0,3
BRDA:133,7,1,2
BRDA:134,8,0,3
BRDA:134,8,1,2
BRDA:135,9,0,3
BRDA:135,9,1,2
BRDA:136,10,0,3
BRDA:136,10,1,2
BRDA:138,11,0,3
BRDA:138,11,1,2
BRDA:139,12,0,3
BRDA:139,12,1,2
BRDA:141,13,0,3
BRDA:141,13,1,2
BRDA:162,14,0,1
BRDA:162,14,1,2
BRDA:23,15,0,6
BRDA:23,15,1,0
BRDA:23,16,0,6
BRDA:23,16,1,6
BRDA:23,17,0,6
BRDA:23,17,1,0
BRDA:23,18,0,6
BRDA:23,18,1,6
BRDA:25,19,0,6
BRDA:25,19,1,0
BRDA:25,20,0,6
BRDA:25,20,1,6
BRF:42
BRH:38
end_of_record
TN:
SF:src\doctors\doctors.controller.ts
FN:9,(anonymous_4)
FN:13,(anonymous_5)
FNF:2
FNH:2
FNDA:1,(anonymous_4)
FNDA:1,(anonymous_5)
DA:1,4
DA:2,4
DA:3,4
DA:5,4
DA:8,4
DA:9,1
DA:13,4
DA:14,1
LF:8
LH:8
BRDA:9,0,0,4
BRDA:9,0,1,0
BRDA:9,1,0,4
BRDA:9,1,1,4
BRF:4
BRH:3
end_of_record
TN:
SF:src\doctors\doctors.module.ts
FNF:0
FNH:0
DA:1,3
DA:2,3
DA:3,3
DA:4,3
DA:5,3
DA:6,3
DA:22,3
LF:7
LH:7
BRF:0
BRH:0
end_of_record
TN:
SF:src\doctors\doctors.service.ts
FN:14,(anonymous_4)
FN:21,(anonymous_5)
FNF:2
FNH:2
FNDA:4,(anonymous_4)
FNDA:4,(anonymous_5)
DA:1,5
DA:2,5
DA:3,5
DA:6,5
DA:7,5
DA:13,5
DA:16,4
DA:18,4
DA:22,4
DA:28,4
DA:29,1
DA:32,3
DA:41,3
LF:13
LH:13
BRDA:28,0,0,1
BRDA:28,0,1,3
BRDA:49,1,0,2
BRDA:49,1,1,1
BRDA:16,2,0,5
BRDA:16,2,1,0
BRDA:16,3,0,5
BRDA:16,3,1,5
BRDA:16,4,0,5
BRDA:16,4,1,0
BRDA:16,5,0,5
BRDA:16,5,1,5
BRF:12
BRH:10
end_of_record
TN:
SF:src\notifications\notifications.controller.ts
FN:8,(anonymous_4)
FN:11,(anonymous_5)
FN:20,(anonymous_6)
FN:28,(anonymous_7)
FNF:4
FNH:4
FNDA:4,(anonymous_4)
FNDA:2,(anonymous_5)
FNDA:1,(anonymous_6)
FNDA:1,(anonymous_7)
DA:1,4
DA:3,4
DA:4,4
DA:7,4
DA:8,4
DA:11,4
DA:12,2
DA:20,4
DA:24,1
DA:28,4
DA:29,1
LF:11
LH:11
BRDA:14,0,0,2
BRDA:14,0,1,1
BRDA:15,1,0,2
BRDA:15,1,1,1
BRDA:11,2,0,4
BRDA:11,2,1,0
BRDA:11,3,0,4
BRDA:11,3,1,4
BRDA:8,4,0,4
BRDA:8,4,1,0
BRDA:8,5,0,4
BRDA:8,5,1,4
BRF:12
BRH:10
end_of_record
TN:
SF:src\notifications\notifications.module.ts
FNF:0
FNH:0
DA:1,3
DA:2,3
DA:3,3
DA:7,3
DA:8,3
DA:20,3
LF:6
LH:6
BRF:0
BRH:0
end_of_record
TN:
SF:src\notifications\notifications.service.ts
FN:14,(anonymous_4)
FN:19,(anonymous_5)
FN:42,(anonymous_6)
FN:65,(anonymous_7)
FN:78,(anonymous_8)
FN:111,(anonymous_9)
FNF:6
FNH:6
FNDA:12,(anonymous_4)
FNDA:2,(anonymous_5)
FNDA:4,(anonymous_6)
FNDA:2,(anonymous_7)
FNDA:4,(anonymous_8)
FNDA:2,(anonymous_9)
DA:1,7
DA:2,7
DA:3,7
DA:5,7
DA:11,7
DA:12,12
DA:16,12
DA:25,2
DA:39,2
DA:43,4
DA:44,4
DA:49,4
DA:64,4
DA:65,2
DA:79,4
DA:80,1
DA:83,3
DA:100,3
DA:101,1
DA:104,2
DA:112,2
DA:113,2
DA:128,2
LF:23
LH:23
BRDA:31,0,0,1
BRDA:31,0,1,1
BRDA:42,1,0,0
BRDA:42,2,0,0
BRDA:46,3,0,1
BRDA:46,3,1,3
BRDA:71,4,0,2
BRDA:71,4,1,2
BRDA:72,5,0,2
BRDA:72,5,1,1
BRDA:79,6,0,1
BRDA:79,6,1,3
BRDA:100,7,0,1
BRDA:100,7,1,2
BRDA:107,8,0,2
BRDA:107,8,1,0
BRDA:16,9,0,7
BRDA:16,9,1,0
BRDA:16,10,0,7
BRDA:16,10,1,7
BRF:20
BRH:16
end_of_record
TN:
SF:src\patients\patients.controller.ts
FN:11,(anonymous_4)
FN:14,(anonymous_5)
FN:19,(anonymous_6)
FNF:3
FNH:3
FNDA:2,(anonymous_4)
FNDA:1,(anonymous_5)
FNDA:1,(anonymous_6)
DA:1,4
DA:2,4
DA:3,4
DA:5,4
DA:6,4
DA:10,4
DA:11,2
DA:14,4
DA:15,1
DA:19,4
DA:20,1
LF:11
LH:11
BRDA:19,0,0,4
BRDA:19,0,1,0
BRDA:19,1,0,4
BRDA:19,1,1,4
BRDA:11,2,0,4
BRDA:11,2,1,0
BRDA:11,3,0,4
BRDA:11,3,1,4
BRF:8
BRH:6
end_of_record
TN:
SF:src\patients\patients.module.ts
FNF:0
FNH:0
DA:1,3
DA:2,3
DA:3,3
DA:4,3
DA:5,3
DA:15,3
LF:6
LH:6
BRF:0
BRH:0
end_of_record
TN:
SF:src\patients\patients.service.ts
FN:10,(anonymous_4)
FN:15,(anonymous_5)
FN:41,(anonymous_6)
FNF:3
FNH:3
FNDA:7,(anonymous_4)
FNDA:2,(anonymous_5)
FNDA:5,(anonymous_6)
DA:1,5
DA:2,5
DA:3,5
DA:6,5
DA:9,5
DA:12,7
DA:16,2
DA:24,2
DA:25,1
DA:28,1
DA:42,5
DA:61,5
DA:62,1
DA:65,4
LF:14
LH:14
BRDA:24,0,0,1
BRDA:24,0,1,1
BRDA:46,1,0,2
BRDA:46,1,1,3
BRDA:47,2,0,1
BRDA:47,2,1,4
BRDA:48,3,0,1
BRDA:48,3,1,4
BRDA:51,4,0,1
BRDA:51,4,1,4
BRDA:61,5,0,1
BRDA:61,5,1,4
BRDA:12,6,0,5
BRDA:12,6,1,0
BRDA:12,7,0,5
BRDA:12,7,1,5
BRF:16
BRH:15
end_of_record
